2024-07-04 15:16:14: 開始更新ubike資料...
資料庫連線失敗:  (1366, "Incorrect decimal value: 'lng' for column 'lng' at row 1")
2024-07-04 15:16:15: 更新ubike資料完成
2024-07-04 15:17:37: 開始更新ubike資料...
資料庫連線失敗:  (1366, "Incorrect decimal value: 'lng' for column 'lng' at row 1")
2024-07-04 15:17:37: 更新ubike資料完成
2024-07-04 15:18:37: 開始更新ubike資料...
資料庫連線失敗:  (1366, "Incorrect decimal value: 'lng' for column 'lng' at row 1")
2024-07-04 15:19:37: 更新ubike資料完成
2024-07-04 15:31:01: 開始更新ubike資料...
資料庫連線失敗:  (1366, "Incorrect decimal value: 'lng' for column 'lng' at row 1")
2024-07-04 15:31:02: 更新ubike資料完成
2024-07-04 15:32:01: 開始更新ubike資料...
資料庫連線失敗:  (1366, "Incorrect decimal value: 'lng' for column 'lng' at row 1")
2024-07-04 15:32:02: 更新ubike資料完成
2024-07-04 15:33:01: 開始更新ubike資料...
資料庫連線失敗:  (1366, "Incorrect decimal value: 'lng' for column 'lng' at row 1")
2024-07-04 15:34:03: 更新ubike資料完成
2024-07-04 15:35:01: 開始更新ubike資料...
資料庫連線失敗:  (1366, "Incorrect decimal value: 'lng' for column 'lng' at row 1")
2024-07-04 15:35:02: 更新ubike資料完成
2024-07-04 15:36:01: 開始更新ubike資料...
資料庫連線失敗:  (1366, "Incorrect decimal value: 'lng' for column 'lng' at row 1")
2024-07-04 15:36:03: 更新ubike資料完成
2024-07-04 15:37:01: 開始更新ubike資料...
資料庫連線失敗:  (1366, "Incorrect decimal value: 'lng' for column 'lng' at row 1")
2024-07-04 15:37:02: 更新ubike資料完成
2024-07-04 15:38:01: 開始更新ubike資料...
資料庫連線失敗:  (1366, "Incorrect decimal value: 'lng' for column 'lng' at row 1")
2024-07-04 15:39:02: 更新ubike資料完成
2024-07-04 15:40:38: 開始更新ubike資料...
資料庫連線失敗:  (1366, "Incorrect decimal value: 'lng' for column 'lng' at row 1")
2024-07-04 15:40:38: 更新ubike資料完成
2024-07-04 15:41:38: 開始更新ubike資料...
資料庫連線失敗:  (1366, "Incorrect decimal value: 'lng' for column 'lng' at row 1")
2024-07-04 15:42:38: 更新ubike資料完成
2024-07-04 15:43:38: 開始更新ubike資料...
資料庫連線失敗:  (1366, "Incorrect decimal value: 'lng' for column 'lng' at row 1")
2024-07-04 15:43:39: 更新ubike資料完成
2024-07-04 15:44:38: 開始更新ubike資料...
資料庫連線失敗:  (1366, "Incorrect decimal value: 'lng' for column 'lng' at row 1")
2024-07-04 15:44:38: 更新ubike資料完成
2024-07-04 15:45:38: 開始更新ubike資料...
資料庫連線失敗:  (1366, "Incorrect decimal value: 'lng' for column 'lng' at row 1")
2024-07-04 15:45:38: 更新ubike資料完成
2024-07-04 15:46:38: 開始更新ubike資料...
資料庫連線失敗:  (1366, "Incorrect decimal value: 'lng' for column 'lng' at row 1")
2024-07-04 15:46:39: 更新ubike資料完成
2024-07-04 15:47:38: 開始更新ubike資料...
資料庫連線失敗:  (1366, "Incorrect decimal value: 'lng' for column 'lng' at row 1")
2024-07-04 15:47:38: 更新ubike資料完成
2024-07-04 15:48:38: 開始更新ubike資料...
資料庫連線失敗:  (1366, "Incorrect decimal value: 'lng' for column 'lng' at row 1")
2024-07-04 15:49:39: 更新ubike資料完成
2024-07-04 15:50:34: 開始更新ubike資料...
資料庫連線失敗:  (1366, "Incorrect decimal value: 'lng' for column 'lng' at row 1")
2024-07-04 15:50:35: 更新ubike資料完成
2024-07-04 15:50:40: 開始更新ubike資料...
資料庫連線失敗:  (1366, "Incorrect decimal value: 'lng' for column 'lng' at row 1")
2024-07-04 15:50:41: 更新ubike資料完成
2024-07-04 15:51:34: 開始更新ubike資料...
資料庫連線失敗:  (1366, "Incorrect decimal value: 'lng' for column 'lng' at row 1")
2024-07-04 15:51:34: 更新ubike資料完成
2024-07-04 15:51:40: 開始更新ubike資料...
資料庫連線失敗:  (1366, "Incorrect decimal value: 'lng' for column 'lng' at row 1")
2024-07-04 15:51:41: 更新ubike資料完成
2024-07-04 15:52:34: 開始更新ubike資料...
資料庫連線失敗:  (1366, "Incorrect decimal value: 'lng' for column 'lng' at row 1")
2024-07-04 15:52:35: 更新ubike資料完成
2024-07-04 15:53:34: 開始更新ubike資料...
資料庫連線失敗:  (1366, "Incorrect decimal value: 'lng' for column 'lng' at row 1")
2024-07-04 15:53:35: 更新ubike資料完成
2024-07-04 15:52:40: 開始更新ubike資料...
資料庫連線失敗:  (1366, "Incorrect decimal value: 'lng' for column 'lng' at row 1")
2024-07-04 15:53:41: 更新ubike資料完成
2024-07-04 15:54:34: 開始更新ubike資料...
資料庫連線失敗:  (1366, "Incorrect decimal value: 'lng' for column 'lng' at row 1")
2024-07-04 15:54:34: 更新ubike資料完成
2024-07-04 15:54:40: 開始更新ubike資料...
資料庫連線失敗:  (1366, "Incorrect decimal value: 'lng' for column 'lng' at row 1")
2024-07-04 15:54:42: 更新ubike資料完成
2024-07-04 15:55:40: 開始更新ubike資料...
資料庫連線失敗:  (1366, "Incorrect decimal value: 'lng' for column 'lng' at row 1")
2024-07-04 15:56:41: 更新ubike資料完成
2024-07-04 15:55:52: 開始更新ubike資料...
資料庫連線失敗:  (1366, "Incorrect decimal value: 'lng' for column 'lng' at row 1")
2024-07-04 15:56:52: 更新ubike資料完成
2024-07-04 15:57:40: 開始更新ubike資料...
資料庫連線失敗:  (1366, "Incorrect decimal value: 'lng' for column 'lng' at row 1")
2024-07-04 15:57:41: 更新ubike資料完成
2024-07-04 15:57:52: 開始更新ubike資料...
資料庫連線失敗:  (1366, "Incorrect decimal value: 'lng' for column 'lng' at row 1")
2024-07-04 15:57:52: 更新ubike資料完成
2024-07-04 15:58:40: 開始更新ubike資料...
資料庫連線失敗:  (1366, "Incorrect decimal value: 'lng' for column 'lng' at row 1")
2024-07-04 15:58:41: 更新ubike資料完成
2024-07-04 15:58:52: 開始更新ubike資料...
資料庫連線失敗:  (1366, "Incorrect decimal value: 'lng' for column 'lng' at row 1")
2024-07-04 15:58:52: 更新ubike資料完成
2024-07-04 15:59:40: 開始更新ubike資料...
資料庫連線失敗:  (1366, "Incorrect decimal value: 'lng' for column 'lng' at row 1")
2024-07-04 15:59:41: 更新ubike資料完成
2024-07-04 15:59:52: 開始更新ubike資料...
資料庫連線失敗:  (1366, "Incorrect decimal value: 'lng' for column 'lng' at row 1")
2024-07-04 15:59:52: 更新ubike資料完成
2024-07-04 16:00:52: 開始更新ubike資料...
資料庫連線失敗:  (1366, "Incorrect decimal value: 'lng' for column 'lng' at row 1")
2024-07-04 16:01:06: 更新ubike資料完成
2024-07-04 16:00:40: 開始更新ubike資料...
資料庫連線失敗:  (1366, "Incorrect decimal value: 'lng' for column 'lng' at row 1")
2024-07-04 16:01:41: 更新ubike資料完成
2024-07-04 16:01:52: 開始更新ubike資料...
資料庫連線失敗:  (1366, "Incorrect decimal value: 'lng' for column 'lng' at row 1")
2024-07-04 16:01:53: 更新ubike資料完成
2024-07-04 16:02:40: 開始更新ubike資料...
資料庫連線失敗:  (1366, "Incorrect decimal value: 'lng' for column 'lng' at row 1")
2024-07-04 16:02:41: 更新ubike資料完成
2024-07-04 16:02:52: 開始更新ubike資料...
資料庫連線失敗:  (1366, "Incorrect decimal value: 'lng' for column 'lng' at row 1")
2024-07-04 16:02:52: 更新ubike資料完成
2024-07-04 16:03:40: 開始更新ubike資料...
資料庫連線失敗:  (1366, "Incorrect decimal value: 'lng' for column 'lng' at row 1")
2024-07-04 16:04:42: 更新ubike資料完成
2024-07-04 16:03:52: 開始更新ubike資料...
資料庫連線失敗:  (1366, "Incorrect decimal value: 'lng' for column 'lng' at row 1")
2024-07-04 16:05:02: 更新ubike資料完成
2024-07-04 16:05:40: 開始更新ubike資料...
資料庫連線失敗:  (1366, "Incorrect decimal value: 'lng' for column 'lng' at row 1")
2024-07-04 16:05:42: 更新ubike資料完成
2024-07-04 16:05:52: 開始更新ubike資料...
資料庫連線失敗:  (1366, "Incorrect decimal value: 'lng' for column 'lng' at row 1")
2024-07-04 16:05:52: 更新ubike資料完成
2024-07-04 16:06:40: 開始更新ubike資料...
資料庫連線失敗:  (1366, "Incorrect decimal value: 'lng' for column 'lng' at row 1")
2024-07-04 16:06:41: 更新ubike資料完成
2024-07-04 16:06:52: 開始更新ubike資料...
資料庫連線失敗:  (1366, "Incorrect decimal value: 'lng' for column 'lng' at row 1")
2024-07-04 16:06:52: 更新ubike資料完成
2024-07-04 16:07:40: 開始更新ubike資料...
資料庫連線失敗:  (1366, "Incorrect decimal value: 'lng' for column 'lng' at row 1")
2024-07-04 16:07:41: 更新ubike資料完成
2024-07-04 16:07:52: 開始更新ubike資料...
資料庫連線失敗:  (1366, "Incorrect decimal value: 'lng' for column 'lng' at row 1")
2024-07-04 16:07:53: 更新ubike資料完成
2024-07-04 16:08:40: 開始更新ubike資料...
資料庫連線失敗:  (1366, "Incorrect decimal value: 'lng' for column 'lng' at row 1")
2024-07-04 16:08:41: 更新ubike資料完成
2024-07-04 16:08:52: 開始更新ubike資料...
資料庫連線失敗:  (1366, "Incorrect decimal value: 'lng' for column 'lng' at row 1")
2024-07-04 16:09:52: 更新ubike資料完成
2024-07-04 16:09:40: 開始更新ubike資料...
資料庫連線失敗:  (1366, "Incorrect decimal value: 'lng' for column 'lng' at row 1")
2024-07-04 16:10:41: 更新ubike資料完成
2024-07-04 16:10:59: 開始更新ubike資料...
資料庫連線失敗:  (1366, "Incorrect decimal value: 'lng' for column 'lng' at row 1")
2024-07-04 16:11:00: 更新ubike資料完成
2024-07-04 16:11:40: 開始更新ubike資料...
資料庫連線失敗:  (1366, "Incorrect decimal value: 'lng' for column 'lng' at row 1")
2024-07-04 16:11:42: 更新ubike資料完成
2024-07-04 16:12:40: 開始更新ubike資料...
資料庫連線失敗:  (1366, "Incorrect decimal value: 'lng' for column 'lng' at row 1")
2024-07-04 16:12:41: 更新ubike資料完成
2024-07-04 16:13:40: 開始更新ubike資料...
資料庫連線失敗:  (1366, "Incorrect decimal value: 'lng' for column 'lng' at row 1")
2024-07-04 16:14:41: 更新ubike資料完成
2024-07-04 16:15:40: 開始更新ubike資料...
資料庫連線失敗:  (1366, "Incorrect decimal value: 'lng' for column 'lng' at row 1")
2024-07-04 16:15:41: 更新ubike資料完成
2024-07-04 16:14:53: 開始更新ubike資料...
2024-07-04 16:15:54: 更新ubike資料完成
2024-07-04 16:16:40: 開始更新ubike資料...
資料庫連線失敗:  (1366, "Incorrect decimal value: 'lng' for column 'lng' at row 1")
2024-07-04 16:16:41: 更新ubike資料完成
2024-07-04 16:16:53: 開始更新ubike資料...
2024-07-04 16:16:55: 更新ubike資料完成
2024-07-04 16:17:40: 開始更新ubike資料...
資料庫連線失敗:  (1366, "Incorrect decimal value: 'lng' for column 'lng' at row 1")
2024-07-04 16:17:41: 更新ubike資料完成
2024-07-04 16:18:13: 開始更新ubike資料...
2024-07-04 16:18:13: 更新ubike資料完成
2024-07-04 16:18:40: 開始更新ubike資料...
資料庫連線失敗:  (1366, "Incorrect decimal value: 'lng' for column 'lng' at row 1")
2024-07-04 16:18:41: 更新ubike資料完成
2024-07-04 16:19:40: 開始更新ubike資料...
資料庫連線失敗:  (1366, "Incorrect decimal value: 'lng' for column 'lng' at row 1")
2024-07-04 16:19:41: 更新ubike資料完成
2024-07-04 16:19:13: 開始更新ubike資料...
2024-07-04 16:20:13: 更新ubike資料完成
2024-07-04 16:20:40: 開始更新ubike資料...
資料庫連線失敗:  (1366, "Incorrect decimal value: 'lng' for column 'lng' at row 1")
2024-07-04 16:20:42: 更新ubike資料完成
2024-07-04 16:21:13: 開始更新ubike資料...
2024-07-04 16:21:13: 更新ubike資料完成
2024-07-04 16:21:40: 開始更新ubike資料...
資料庫連線失敗:  (1366, "Incorrect decimal value: 'lng' for column 'lng' at row 1")
2024-07-04 16:22:41: 更新ubike資料完成
2024-07-04 16:22:13: 開始更新ubike資料...
資料庫連線失敗:  list index out of range
2024-07-04 16:23:23: 更新ubike資料完成
2024-07-04 16:24:13: 開始更新ubike資料...
2024-07-04 16:24:14: 更新ubike資料完成
2024-07-04 16:23:40: 開始更新ubike資料...
資料庫連線失敗:  (1366, "Incorrect decimal value: 'lng' for column 'lng' at row 1")
2024-07-04 16:24:41: 更新ubike資料完成
2024-07-04 16:25:13: 開始更新ubike資料...
2024-07-04 16:25:14: 更新ubike資料完成
2024-07-04 16:26:13: 開始更新ubike資料...
2024-07-04 16:26:14: 更新ubike資料完成
2024-07-04 16:25:40: 開始更新ubike資料...
資料庫連線失敗:  (1366, "Incorrect decimal value: 'lng' for column 'lng' at row 1")
2024-07-04 16:26:41: 更新ubike資料完成
2024-07-04 16:27:13: 開始更新ubike資料...
2024-07-04 16:27:14: 更新ubike資料完成
2024-07-04 16:27:40: 開始更新ubike資料...
資料庫連線失敗:  (1366, "Incorrect decimal value: 'lng' for column 'lng' at row 1")
2024-07-04 16:27:42: 更新ubike資料完成
2024-07-04 16:28:13: 開始更新ubike資料...
2024-07-04 16:28:13: 更新ubike資料完成
2024-07-04 16:28:40: 開始更新ubike資料...
資料庫連線失敗:  list index out of range
2024-07-04 16:29:40: 更新ubike資料完成
2024-07-04 16:29:13: 開始更新ubike資料...
資料庫連線失敗:  list index out of range
2024-07-04 16:30:13: 更新ubike資料完成
2024-07-04 16:30:40: 開始更新ubike資料...
資料庫連線失敗:  (1366, "Incorrect decimal value: 'lng' for column 'lng' at row 1")
2024-07-04 16:31:41: 更新ubike資料完成
2024-07-04 16:32:33: 開始更新ubike資料...
2024-07-04 16:32:42: 更新ubike資料完成
2024-07-04 16:32:40: 開始更新ubike資料...
資料庫連線失敗:  (1366, "Incorrect decimal value: 'lng' for column 'lng' at row 1")
2024-07-04 16:33:41: 更新ubike資料完成
2024-07-04 16:33:45: 開始更新ubike資料...
2024-07-04 16:33:46: 更新ubike資料完成
2024-07-04 16:34:40: 開始更新ubike資料...
資料庫連線失敗:  (1366, "Incorrect decimal value: 'lng' for column 'lng' at row 1")
2024-07-04 16:34:41: 更新ubike資料完成
2024-07-04 16:34:45: 開始更新ubike資料...
2024-07-04 16:34:46: 更新ubike資料完成
2024-07-04 16:35:40: 開始更新ubike資料...
資料庫連線失敗:  (1366, "Incorrect decimal value: 'lng' for column 'lng' at row 1")
2024-07-04 16:35:41: 更新ubike資料完成
2024-07-04 16:35:45: 開始更新ubike資料...
2024-07-04 16:35:46: 更新ubike資料完成
2024-07-04 16:36:40: 開始更新ubike資料...
資料庫連線失敗:  (1366, "Incorrect decimal value: 'lng' for column 'lng' at row 1")
2024-07-04 16:36:42: 更新ubike資料完成
2024-07-04 16:37:40: 開始更新ubike資料...
資料庫連線失敗:  (1366, "Incorrect decimal value: 'lng' for column 'lng' at row 1")
2024-07-04 16:37:41: 更新ubike資料完成
2024-07-04 16:37:45: 開始更新ubike資料...
2024-07-04 16:37:47: 更新ubike資料完成
2024-07-04 16:38:40: 開始更新ubike資料...
資料庫連線失敗:  (1366, "Incorrect decimal value: 'lng' for column 'lng' at row 1")
2024-07-04 16:38:41: 更新ubike資料完成
2024-07-04 16:38:45: 開始更新ubike資料...
2024-07-04 16:39:46: 更新ubike資料完成
2024-07-04 16:39:40: 開始更新ubike資料...
資料庫連線失敗:  (1366, "Incorrect decimal value: 'lng' for column 'lng' at row 1")
2024-07-04 16:40:41: 更新ubike資料完成
2024-07-04 16:40:51: 開始更新ubike資料...
2024-07-04 16:40:52: 更新ubike資料完成
2024-07-04 16:52:07: 開始更新ubike資料...
2024-07-04 16:52:07: 更新ubike資料完成
2024-07-04 16:53:07: 開始更新ubike資料...
2024-07-04 16:53:07: 更新ubike資料完成
2024-07-04 16:54:07: 開始更新ubike資料...
2024-07-04 16:54:07: 更新ubike資料完成
2024-07-04 16:55:07: 開始更新ubike資料...
2024-07-04 16:56:07: 更新ubike資料完成
2024-07-04 16:57:07: 開始更新ubike資料...
2024-07-04 16:57:07: 更新ubike資料完成
2024-07-04 16:58:07: 開始更新ubike資料...
2024-07-04 16:58:07: 更新ubike資料完成
2024-07-04 17:00:13: 開始更新ubike資料...
2024-07-04 17:00:13: 更新ubike資料完成
2024-07-04 17:01:50: 開始更新ubike資料...
2024-07-04 17:01:51: 更新ubike資料完成
2024-07-04 17:05:06: 開始更新ubike資料...
2024-07-04 17:05:06: 更新ubike資料完成
2024-07-04 17:06:06: 開始更新ubike資料...
2024-07-04 17:06:06: 更新ubike資料完成
2024-07-04 17:07:32: 開始更新ubike資料...
2024-07-04 17:07:34: 更新ubike資料完成
2024-07-04 17:10:13: 開始更新ubike資料...
2024-07-04 17:10:13: 更新ubike資料完成
2024-07-04 17:13:25: 開始更新ubike資料...
2024-07-04 17:13:26: 更新ubike資料完成
2024-07-04 17:14:25: 開始更新ubike資料...
2024-07-04 17:14:26: 更新ubike資料完成
2024-07-04 17:15:25: 開始更新ubike資料...
2024-07-04 17:15:26: 更新ubike資料完成
2024-07-04 17:16:25: 開始更新ubike資料...
2024-07-04 17:16:26: 更新ubike資料完成
2024-07-04 17:17:25: 開始更新ubike資料...
2024-07-04 17:18:26: 更新ubike資料完成
2024-07-04 17:18:39: 開始更新ubike資料...
2024-07-04 17:18:39: 更新ubike資料完成
2024-07-04 17:20:04: 開始更新ubike資料...
2024-07-04 17:20:05: 更新ubike資料完成
2024-07-04 17:19:25: 開始更新ubike資料...
2024-07-04 17:20:27: 更新ubike資料完成
2024-07-04 17:21:04: 開始更新ubike資料...
2024-07-04 17:21:04: 更新ubike資料完成
2024-07-04 17:21:25: 開始更新ubike資料...
2024-07-04 17:21:26: 更新ubike資料完成
2024-07-04 17:22:20: 開始更新ubike資料...
2024-07-04 17:22:21: 更新ubike資料完成
2024-07-04 17:22:25: 開始更新ubike資料...
2024-07-04 17:22:27: 更新ubike資料完成
2024-07-04 17:23:20: 開始更新ubike資料...
2024-07-04 17:23:20: 更新ubike資料完成
2024-07-04 17:23:25: 開始更新ubike資料...
2024-07-04 17:23:26: 更新ubike資料完成
2024-07-04 17:24:25: 開始更新ubike資料...
2024-07-04 17:24:25: 更新ubike資料完成
2024-07-04 17:24:20: 開始更新ubike資料...
2024-07-04 17:25:20: 更新ubike資料完成
2024-07-04 17:25:25: 開始更新ubike資料...
2024-07-04 17:25:25: 更新ubike資料完成
2024-07-04 17:26:25: 開始更新ubike資料...
2024-07-04 17:26:25: 更新ubike資料完成
2024-07-04 17:27:25: 開始更新ubike資料...
2024-07-04 17:27:25: 更新ubike資料完成
2024-07-04 17:29:13: 開始更新ubike資料...
2024-07-04 17:29:13: 更新ubike資料完成
2024-07-04 17:29:27: 開始更新ubike資料...
2024-07-04 17:30:27: 更新ubike資料完成
2024-07-04 17:30:13: 開始更新ubike資料...
資料庫連線失敗:  list index out of range
2024-07-04 17:31:13: 更新ubike資料完成
2024-07-04 17:35:45: 開始更新ubike資料...
資料庫連線失敗:  list index out of range
2024-07-04 17:36:45: 更新ubike資料完成
2024-07-04 17:39:09: 開始更新ubike資料...
2024-07-04 17:39:10: 更新ubike資料完成
2024-07-04 17:40:09: 開始更新ubike資料...
2024-07-04 17:40:09: 更新ubike資料完成
2024-07-04 17:41:09: 開始更新ubike資料...
2024-07-04 17:41:09: 更新ubike資料完成
2024-07-04 17:42:09: 開始更新ubike資料...
2024-07-04 17:42:10: 更新ubike資料完成
2024-07-04 17:43:09: 開始更新ubike資料...
2024-07-04 17:44:10: 更新ubike資料完成
2024-07-04 17:45:09: 開始更新ubike資料...
2024-07-04 17:45:09: 更新ubike資料完成
2024-07-04 17:45:13: 開始更新ubike資料...
2024-07-04 17:45:13: 更新ubike資料完成
2024-07-04 17:46:09: 開始更新ubike資料...
2024-07-04 17:46:09: 更新ubike資料完成
2024-07-04 17:46:13: 開始更新ubike資料...
2024-07-04 17:46:14: 更新ubike資料完成
2024-07-04 17:47:09: 開始更新ubike資料...
2024-07-04 17:47:09: 更新ubike資料完成
2024-07-04 17:47:13: 開始更新ubike資料...
2024-07-04 17:47:13: 更新ubike資料完成
2024-07-04 17:47:18: 開始更新ubike資料...
2024-07-04 17:47:18: 更新ubike資料完成
2024-07-04 17:48:09: 開始更新ubike資料...
2024-07-04 17:48:09: 更新ubike資料完成
2024-07-04 17:48:13: 開始更新ubike資料...
2024-07-04 17:48:13: 更新ubike資料完成
2024-07-04 17:48:18: 開始更新ubike資料...
2024-07-04 17:48:18: 更新ubike資料完成
2024-07-04 17:49:09: 開始更新ubike資料...
2024-07-04 17:49:09: 更新ubike資料完成
2024-07-04 17:49:13: 開始更新ubike資料...
2024-07-04 17:49:13: 更新ubike資料完成
2024-07-04 17:49:18: 開始更新ubike資料...
2024-07-04 17:49:18: 更新ubike資料完成
2024-07-04 17:50:09: 開始更新ubike資料...
2024-07-04 17:50:09: 更新ubike資料完成
2024-07-04 17:50:13: 開始更新ubike資料...
2024-07-04 17:50:13: 更新ubike資料完成
2024-07-04 17:50:18: 開始更新ubike資料...
2024-07-04 17:50:18: 更新ubike資料完成
2024-07-04 17:51:09: 開始更新ubike資料...
2024-07-04 17:51:09: 更新ubike資料完成
2024-07-04 17:51:13: 開始更新ubike資料...
2024-07-04 17:51:13: 更新ubike資料完成
2024-07-04 17:51:18: 開始更新ubike資料...
2024-07-04 17:51:18: 更新ubike資料完成
2024-07-04 17:52:09: 開始更新ubike資料...
2024-07-04 17:52:09: 更新ubike資料完成
2024-07-04 17:52:18: 開始更新ubike資料...
2024-07-04 17:52:18: 更新ubike資料完成
2024-07-04 17:52:13: 開始更新ubike資料...
資料庫連線失敗:  list index out of range
2024-07-04 17:53:13: 更新ubike資料完成
2024-07-04 17:52:52: 開始更新ubike資料...
資料庫連線失敗:  list index out of range
2024-07-04 17:53:52: 更新ubike資料完成
2024-07-04 17:53:09: 開始更新ubike資料...
資料庫連線失敗:  list index out of range
2024-07-04 17:54:09: 更新ubike資料完成
2024-07-04 17:53:18: 開始更新ubike資料...
資料庫連線失敗:  list index out of range
2024-07-04 17:54:18: 更新ubike資料完成
2024-07-04 17:53:58: 開始更新ubike資料...
請求失敗: 504 Server Error: Gateway Time-out for url: https://data.tycg.gov.tw/api/v1/rest/datastore/a1b4714b-3b75-4ff8-a8f2-cc377e4eaa0f?format=csv&limit=999
2024-07-04 17:54:13: 開始更新ubike資料...
資料庫連線失敗:  list index out of range
2024-07-04 17:55:13: 更新ubike資料完成
2024-07-04 17:54:52: 開始更新ubike資料...
資料庫連線失敗:  list index out of range
2024-07-04 17:55:52: 更新ubike資料完成
2024-07-04 17:55:58: 開始更新ubike資料...
請求失敗: 404 Client Error:  for url: https://data.tycg.gov.tw/api/v1/rest/datastore/a1b4714b-3b75-4ff8-a8f2-cc377e4eaa0f?format=csv&limit=999
2024-07-04 17:55:09: 開始更新ubike資料...
資料庫連線失敗:  list index out of range
2024-07-04 17:56:09: 更新ubike資料完成
2024-07-04 17:56:13: 開始更新ubike資料...
2024-07-04 17:56:13: 更新ubike資料完成
2024-07-04 17:55:18: 開始更新ubike資料...
資料庫連線失敗:  list index out of range
2024-07-04 17:56:18: 更新ubike資料完成
2024-07-04 17:56:52: 開始更新ubike資料...
2024-07-04 17:56:52: 更新ubike資料完成
2024-07-04 17:57:09: 開始更新ubike資料...
2024-07-04 17:57:09: 更新ubike資料完成
2024-07-04 17:57:18: 開始更新ubike資料...
2024-07-04 17:57:18: 更新ubike資料完成
2024-07-04 17:56:58: 開始更新ubike資料...
請求失敗: 504 Server Error: Gateway Time-out for url: https://data.tycg.gov.tw/api/v1/rest/datastore/a1b4714b-3b75-4ff8-a8f2-cc377e4eaa0f?format=csv&limit=999
2024-07-04 17:58:09: 開始更新ubike資料...
2024-07-04 17:58:09: 更新ubike資料完成
2024-07-04 17:59:09: 開始更新ubike資料...
2024-07-04 17:59:09: 更新ubike資料完成
2024-07-04 18:00:09: 開始更新ubike資料...
2024-07-04 18:00:09: 更新ubike資料完成
2024-07-04 18:01:09: 開始更新ubike資料...
2024-07-04 18:01:09: 更新ubike資料完成
2024-07-04 18:02:09: 開始更新ubike資料...
2024-07-04 18:02:09: 更新ubike資料完成
2024-07-04 18:03:09: 開始更新ubike資料...
2024-07-04 18:03:09: 更新ubike資料完成
2024-07-04 18:04:09: 開始更新ubike資料...
2024-07-04 18:04:09: 更新ubike資料完成
2024-07-04 18:05:09: 開始更新ubike資料...
2024-07-04 18:05:09: 更新ubike資料完成
2024-07-04 18:05:45: 開始更新ubike資料...
資料庫連線失敗:  list index out of range
2024-07-04 18:05:46: 更新ubike資料完成
2024-07-04 18:07:09: 開始更新ubike資料...
資料庫連線失敗:  list index out of range
2024-07-04 18:08:09: 更新ubike資料完成
2024-07-04 18:07:45: 開始更新ubike資料...
資料庫連線失敗:  list index out of range
2024-07-04 18:08:46: 更新ubike資料完成
2024-07-04 18:07:54: 開始更新ubike資料...
資料庫連線失敗:  list index out of range
2024-07-04 18:08:54: 更新ubike資料完成
2024-07-04 18:09:53: 開始更新ubike資料...
資料庫連線失敗:  list index out of range
2024-07-04 18:10:03: 更新ubike資料完成
2024-07-04 18:09:09: 開始更新ubike資料...
2024-07-04 18:10:03: 更新ubike資料完成
2024-07-04 18:10:09: 開始更新ubike資料...
資料庫連線失敗:  list index out of range
2024-07-04 18:11:09: 更新ubike資料完成
2024-07-04 18:10:53: 開始更新ubike資料...
資料庫連線失敗:  list index out of range
2024-07-04 18:11:21: 更新ubike資料完成
2024-07-04 18:10:26: 開始更新ubike資料...
資料庫連線失敗:  list index out of range
2024-07-04 18:11:21: 更新ubike資料完成
2024-07-04 18:11:26: 開始更新ubike資料...
資料庫連線失敗:  list index out of range
2024-07-04 18:11:26: 更新ubike資料完成
2024-07-04 18:11:41: 開始更新ubike資料...
資料庫連線失敗:  list index out of range
2024-07-04 18:11:42: 更新ubike資料完成
2024-07-04 18:11:53: 開始更新ubike資料...
資料庫連線失敗:  list index out of range
2024-07-04 18:11:53: 更新ubike資料完成
2024-07-04 18:12:09: 開始更新ubike資料...
2024-07-04 18:12:09: 更新ubike資料完成
2024-07-04 18:12:26: 開始更新ubike資料...
資料庫連線失敗:  list index out of range
2024-07-04 18:12:26: 更新ubike資料完成
2024-07-04 18:12:41: 開始更新ubike資料...
資料庫連線失敗:  list index out of range
2024-07-04 18:12:42: 更新ubike資料完成
2024-07-04 18:12:53: 開始更新ubike資料...
資料庫連線失敗:  list index out of range
2024-07-04 18:12:53: 更新ubike資料完成
2024-07-04 18:13:09: 開始更新ubike資料...
2024-07-04 18:13:09: 更新ubike資料完成
2024-07-04 18:13:26: 開始更新ubike資料...
資料庫連線失敗:  list index out of range
2024-07-04 18:13:26: 更新ubike資料完成
2024-07-04 18:13:41: 開始更新ubike資料...
資料庫連線失敗:  list index out of range
2024-07-04 18:13:42: 更新ubike資料完成
2024-07-04 18:13:53: 開始更新ubike資料...
資料庫連線失敗:  list index out of range
2024-07-04 18:13:53: 更新ubike資料完成
2024-07-04 18:14:09: 開始更新ubike資料...
2024-07-04 18:14:09: 更新ubike資料完成
2024-07-04 18:14:11: 開始更新ubike資料...
資料庫連線失敗:  list index out of range
2024-07-04 18:14:11: 更新ubike資料完成
2024-07-04 18:14:26: 開始更新ubike資料...
資料庫連線失敗:  list index out of range
2024-07-04 18:14:26: 更新ubike資料完成
2024-07-04 18:14:41: 開始更新ubike資料...
資料庫連線失敗:  list index out of range
2024-07-04 18:14:42: 更新ubike資料完成
2024-07-04 18:14:53: 開始更新ubike資料...
資料庫連線失敗:  list index out of range
2024-07-04 18:14:54: 更新ubike資料完成
2024-07-04 18:15:09: 開始更新ubike資料...
2024-07-04 18:15:09: 更新ubike資料完成
2024-07-04 18:15:11: 開始更新ubike資料...
資料庫連線失敗:  list index out of range
2024-07-04 18:15:11: 更新ubike資料完成
2024-07-04 18:15:26: 開始更新ubike資料...
資料庫連線失敗:  list index out of range
2024-07-04 18:15:26: 更新ubike資料完成
2024-07-04 18:15:41: 開始更新ubike資料...
資料庫連線失敗:  list index out of range
2024-07-04 18:15:42: 更新ubike資料完成
2024-07-04 18:15:53: 開始更新ubike資料...
資料庫連線失敗:  list index out of range
2024-07-04 18:15:53: 更新ubike資料完成
2024-07-04 18:16:09: 開始更新ubike資料...
2024-07-04 18:16:09: 更新ubike資料完成
2024-07-04 18:16:11: 開始更新ubike資料...
資料庫連線失敗:  list index out of range
2024-07-04 18:16:11: 更新ubike資料完成
2024-07-04 18:16:26: 開始更新ubike資料...
資料庫連線失敗:  list index out of range
2024-07-04 18:16:26: 更新ubike資料完成
2024-07-04 18:16:41: 開始更新ubike資料...
資料庫連線失敗:  list index out of range
2024-07-04 18:16:42: 更新ubike資料完成
2024-07-04 18:16:53: 開始更新ubike資料...
資料庫連線失敗:  list index out of range
2024-07-04 18:16:53: 更新ubike資料完成
2024-07-04 18:17:09: 開始更新ubike資料...
2024-07-04 18:17:09: 更新ubike資料完成
2024-07-04 18:17:11: 開始更新ubike資料...
資料庫連線失敗:  list index out of range
2024-07-04 18:17:11: 更新ubike資料完成
2024-07-04 18:17:14: 開始更新ubike資料...
資料庫連線失敗:  list index out of range
2024-07-04 18:17:14: 更新ubike資料完成
2024-07-04 18:17:26: 開始更新ubike資料...
資料庫連線失敗:  list index out of range
2024-07-04 18:17:26: 更新ubike資料完成
2024-07-04 18:17:41: 開始更新ubike資料...
資料庫連線失敗:  list index out of range
2024-07-04 18:17:42: 更新ubike資料完成
2024-07-04 18:18:09: 開始更新ubike資料...
2024-07-04 18:18:09: 更新ubike資料完成
2024-07-04 18:18:11: 開始更新ubike資料...
資料庫連線失敗:  list index out of range
2024-07-04 18:18:11: 更新ubike資料完成
2024-07-04 18:18:14: 開始更新ubike資料...
資料庫連線失敗:  list index out of range
2024-07-04 18:18:14: 更新ubike資料完成
2024-07-04 18:18:26: 開始更新ubike資料...
資料庫連線失敗:  list index out of range
2024-07-04 18:18:27: 更新ubike資料完成
2024-07-04 18:17:53: 開始更新ubike資料...
資料庫連線失敗:  list index out of range
2024-07-04 18:18:53: 更新ubike資料完成
2024-07-04 18:19:09: 開始更新ubike資料...
2024-07-04 18:19:09: 更新ubike資料完成
2024-07-04 18:19:11: 開始更新ubike資料...
資料庫連線失敗:  list index out of range
2024-07-04 18:19:11: 更新ubike資料完成
2024-07-04 18:19:14: 開始更新ubike資料...
資料庫連線失敗:  list index out of range
2024-07-04 18:19:14: 更新ubike資料完成
2024-07-04 18:18:41: 開始更新ubike資料...
資料庫連線失敗:  list index out of range
2024-07-04 18:19:42: 更新ubike資料完成
2024-07-04 18:19:53: 開始更新ubike資料...
資料庫連線失敗:  list index out of range
2024-07-04 18:19:53: 更新ubike資料完成
2024-07-04 18:19:26: 開始更新ubike資料...
資料庫連線失敗:  list index out of range
2024-07-04 18:20:26: 更新ubike資料完成
2024-07-04 18:20:41: 開始更新ubike資料...
資料庫連線失敗:  list index out of range
2024-07-04 18:20:42: 更新ubike資料完成
2024-07-04 18:20:53: 開始更新ubike資料...
資料庫連線失敗:  list index out of range
2024-07-04 18:20:53: 更新ubike資料完成
2024-07-04 18:20:09: 開始更新ubike資料...
2024-07-04 18:20:56: 更新ubike資料完成
2024-07-04 18:20:11: 開始更新ubike資料...
資料庫連線失敗:  list index out of range
2024-07-04 18:20:56: 更新ubike資料完成
2024-07-04 18:20:14: 開始更新ubike資料...
資料庫連線失敗:  list index out of range
2024-07-04 18:20:56: 更新ubike資料完成
2024-07-04 18:21:09: 開始更新ubike資料...
2024-07-04 18:21:09: 更新ubike資料完成
2024-07-04 18:21:11: 開始更新ubike資料...
資料庫連線失敗:  list index out of range
2024-07-04 18:21:11: 更新ubike資料完成
2024-07-04 18:21:14: 開始更新ubike資料...
資料庫連線失敗:  list index out of range
2024-07-04 18:21:14: 更新ubike資料完成
2024-07-04 18:21:25: 開始更新ubike資料...
資料庫連線失敗:  list index out of range
2024-07-04 18:21:25: 更新ubike資料完成
2024-07-04 18:21:26: 開始更新ubike資料...
資料庫連線失敗:  list index out of range
2024-07-04 18:21:26: 更新ubike資料完成
2024-07-04 18:21:41: 開始更新ubike資料...
資料庫連線失敗:  list index out of range
2024-07-04 18:21:42: 更新ubike資料完成
2024-07-04 18:21:53: 開始更新ubike資料...
資料庫連線失敗:  list index out of range
2024-07-04 18:21:53: 更新ubike資料完成
2024-07-04 18:22:09: 開始更新ubike資料...
2024-07-04 18:22:09: 更新ubike資料完成
2024-07-04 18:22:11: 開始更新ubike資料...
資料庫連線失敗:  list index out of range
2024-07-04 18:22:11: 更新ubike資料完成
2024-07-04 18:22:14: 開始更新ubike資料...
資料庫連線失敗:  list index out of range
2024-07-04 18:22:14: 更新ubike資料完成
2024-07-04 18:22:25: 開始更新ubike資料...
資料庫連線失敗:  list index out of range
2024-07-04 18:22:25: 更新ubike資料完成
2024-07-04 18:22:26: 開始更新ubike資料...
資料庫連線失敗:  list index out of range
2024-07-04 18:22:26: 更新ubike資料完成
2024-07-04 18:22:30: 開始更新ubike資料...
資料庫連線失敗:  list index out of range
2024-07-04 18:22:30: 更新ubike資料完成
2024-07-04 18:22:41: 開始更新ubike資料...
資料庫連線失敗:  list index out of range
2024-07-04 18:22:42: 更新ubike資料完成
2024-07-04 18:22:53: 開始更新ubike資料...
資料庫連線失敗:  list index out of range
2024-07-04 18:22:53: 更新ubike資料完成
2024-07-04 18:23:09: 開始更新ubike資料...
2024-07-04 18:23:09: 更新ubike資料完成
2024-07-04 18:23:11: 開始更新ubike資料...
資料庫連線失敗:  list index out of range
2024-07-04 18:23:11: 更新ubike資料完成
2024-07-04 18:23:14: 開始更新ubike資料...
資料庫連線失敗:  list index out of range
2024-07-04 18:23:14: 更新ubike資料完成
2024-07-04 18:23:25: 開始更新ubike資料...
資料庫連線失敗:  list index out of range
2024-07-04 18:23:25: 更新ubike資料完成
2024-07-04 18:23:26: 開始更新ubike資料...
資料庫連線失敗:  list index out of range
2024-07-04 18:23:26: 更新ubike資料完成
2024-07-04 18:23:28: 開始更新ubike資料...
資料庫連線失敗:  list index out of range
2024-07-04 18:23:28: 更新ubike資料完成
2024-07-04 18:23:30: 開始更新ubike資料...
資料庫連線失敗:  list index out of range
2024-07-04 18:23:30: 更新ubike資料完成
2024-07-04 18:23:41: 開始更新ubike資料...
資料庫連線失敗:  list index out of range
2024-07-04 18:23:42: 更新ubike資料完成
2024-07-04 18:23:53: 開始更新ubike資料...
資料庫連線失敗:  list index out of range
2024-07-04 18:23:53: 更新ubike資料完成
2024-07-04 18:24:09: 開始更新ubike資料...
2024-07-04 18:24:09: 更新ubike資料完成
2024-07-04 18:24:11: 開始更新ubike資料...
資料庫連線失敗:  list index out of range
2024-07-04 18:25:11: 更新ubike資料完成
2024-07-04 18:24:14: 開始更新ubike資料...
資料庫連線失敗:  list index out of range
2024-07-04 18:25:14: 更新ubike資料完成
2024-07-04 18:24:25: 開始更新ubike資料...
資料庫連線失敗:  list index out of range
2024-07-04 18:25:25: 更新ubike資料完成
2024-07-04 18:24:26: 開始更新ubike資料...
資料庫連線失敗:  list index out of range
2024-07-04 18:25:26: 更新ubike資料完成
2024-07-04 18:24:28: 開始更新ubike資料...
資料庫連線失敗:  list index out of range
2024-07-04 18:25:29: 更新ubike資料完成
2024-07-04 18:24:30: 開始更新ubike資料...
資料庫連線失敗:  list index out of range
2024-07-04 18:25:30: 更新ubike資料完成
2024-07-04 18:24:41: 開始更新ubike資料...
資料庫連線失敗:  list index out of range
2024-07-04 18:25:42: 更新ubike資料完成
2024-07-04 18:24:53: 開始更新ubike資料...
資料庫連線失敗:  list index out of range
2024-07-04 18:25:53: 更新ubike資料完成
2024-07-04 18:25:09: 開始更新ubike資料...
資料庫連線失敗:  list index out of range
2024-07-04 18:26:09: 更新ubike資料完成
2024-07-04 18:25:59: 開始更新ubike資料...
資料庫連線失敗:  list index out of range
2024-07-04 18:26:59: 更新ubike資料完成
2024-07-04 18:26:11: 開始更新ubike資料...
資料庫連線失敗:  list index out of range
2024-07-04 18:27:11: 更新ubike資料完成
2024-07-04 18:26:14: 開始更新ubike資料...
資料庫連線失敗:  list index out of range
2024-07-04 18:27:14: 更新ubike資料完成
2024-07-04 18:26:25: 開始更新ubike資料...
資料庫連線失敗:  list index out of range
2024-07-04 18:27:25: 更新ubike資料完成
2024-07-04 18:26:26: 開始更新ubike資料...
資料庫連線失敗:  list index out of range
2024-07-04 18:27:27: 更新ubike資料完成
2024-07-04 18:26:28: 開始更新ubike資料...
資料庫連線失敗:  list index out of range
2024-07-04 18:27:29: 更新ubike資料完成
2024-07-04 18:27:09: 開始更新ubike資料...
2024-07-04 18:27:29: 更新ubike資料完成
2024-07-04 18:26:41: 開始更新ubike資料...
資料庫連線失敗:  list index out of range
2024-07-04 18:27:29: 更新ubike資料完成
2024-07-04 18:26:53: 開始更新ubike資料...
資料庫連線失敗:  list index out of range
2024-07-04 18:27:29: 更新ubike資料完成
2024-07-04 18:26:30: 開始更新ubike資料...
資料庫連線失敗:  list index out of range
2024-07-04 18:27:30: 更新ubike資料完成
2024-07-04 18:26:36: 開始更新ubike資料...
資料庫連線失敗:  list index out of range
2024-07-04 18:27:37: 更新ubike資料完成
2024-07-04 18:27:41: 開始更新ubike資料...
資料庫連線失敗:  list index out of range
2024-07-04 18:27:42: 更新ubike資料完成
2024-07-04 18:27:53: 開始更新ubike資料...
資料庫連線失敗:  list index out of range
2024-07-04 18:27:53: 更新ubike資料完成
2024-07-04 18:28:00: 開始更新ubike資料...
資料庫連線失敗:  list index out of range
2024-07-04 18:28:00: 更新ubike資料完成
2024-07-04 18:28:09: 開始更新ubike資料...
2024-07-04 18:28:09: 更新ubike資料完成
2024-07-04 18:27:14: 開始更新ubike資料...
資料庫連線失敗:  list index out of range
2024-07-04 18:28:14: 更新ubike資料完成
2024-07-04 18:28:14: 開始更新ubike資料...
資料庫連線失敗:  list index out of range
2024-07-04 18:28:14: 更新ubike資料完成
2024-07-04 18:28:25: 開始更新ubike資料...
資料庫連線失敗:  list index out of range
2024-07-04 18:28:25: 更新ubike資料完成
2024-07-04 18:28:26: 開始更新ubike資料...
資料庫連線失敗:  list index out of range
2024-07-04 18:28:26: 更新ubike資料完成
2024-07-04 18:28:28: 開始更新ubike資料...
資料庫連線失敗:  list index out of range
2024-07-04 18:28:28: 更新ubike資料完成
2024-07-04 18:28:30: 開始更新ubike資料...
資料庫連線失敗:  list index out of range
2024-07-04 18:28:30: 更新ubike資料完成
2024-07-04 18:28:36: 開始更新ubike資料...
資料庫連線失敗:  list index out of range
2024-07-04 18:28:37: 更新ubike資料完成
2024-07-04 18:28:41: 開始更新ubike資料...
資料庫連線失敗:  list index out of range
2024-07-04 18:28:42: 更新ubike資料完成
2024-07-04 18:28:26: 開始更新ubike資料...
2024-07-04 18:28:45: 更新ubike資料完成
2024-07-04 18:28:11: 開始更新ubike資料...
資料庫連線失敗:  list index out of range
2024-07-04 18:28:45: 更新ubike資料完成
2024-07-04 18:27:59: 開始更新ubike資料...
資料庫連線失敗:  list index out of range
2024-07-04 18:28:45: 更新ubike資料完成
2024-07-04 18:28:53: 開始更新ubike資料...
資料庫連線失敗:  list index out of range
2024-07-04 18:28:53: 更新ubike資料完成
2024-07-04 18:28:59: 開始更新ubike資料...
資料庫連線失敗:  list index out of range
2024-07-04 18:28:59: 更新ubike資料完成
2024-07-04 18:29:00: 開始更新ubike資料...
資料庫連線失敗:  list index out of range
2024-07-04 18:29:00: 更新ubike資料完成
2024-07-04 18:29:09: 開始更新ubike資料...
2024-07-04 18:29:09: 更新ubike資料完成
2024-07-04 18:29:11: 開始更新ubike資料...
資料庫連線失敗:  list index out of range
2024-07-04 18:29:11: 更新ubike資料完成
2024-07-04 18:29:14: 開始更新ubike資料...
資料庫連線失敗:  list index out of range
2024-07-04 18:29:14: 更新ubike資料完成
2024-07-04 18:29:14: 開始更新ubike資料...
資料庫連線失敗:  list index out of range
2024-07-04 18:29:14: 更新ubike資料完成
2024-07-04 18:29:25: 開始更新ubike資料...
資料庫連線失敗:  list index out of range
2024-07-04 18:29:25: 更新ubike資料完成
2024-07-04 18:29:26: 開始更新ubike資料...
2024-07-04 18:29:26: 更新ubike資料完成
2024-07-04 18:29:26: 開始更新ubike資料...
資料庫連線失敗:  list index out of range
2024-07-04 18:29:26: 更新ubike資料完成
2024-07-04 18:29:28: 開始更新ubike資料...
資料庫連線失敗:  list index out of range
2024-07-04 18:29:28: 更新ubike資料完成
2024-07-04 18:29:30: 開始更新ubike資料...
資料庫連線失敗:  list index out of range
2024-07-04 18:29:30: 更新ubike資料完成
2024-07-04 18:29:36: 開始更新ubike資料...
資料庫連線失敗:  list index out of range
2024-07-04 18:29:36: 更新ubike資料完成
2024-07-04 18:29:41: 開始更新ubike資料...
資料庫連線失敗:  list index out of range
2024-07-04 18:29:42: 更新ubike資料完成
2024-07-04 18:29:53: 開始更新ubike資料...
資料庫連線失敗:  list index out of range
2024-07-04 18:29:53: 更新ubike資料完成
2024-07-04 18:29:59: 開始更新ubike資料...
資料庫連線失敗:  list index out of range
2024-07-04 18:29:59: 更新ubike資料完成
2024-07-04 18:30:00: 開始更新ubike資料...
資料庫連線失敗:  list index out of range
2024-07-04 18:30:00: 更新ubike資料完成
2024-07-04 18:30:09: 開始更新ubike資料...
2024-07-04 18:30:09: 更新ubike資料完成
2024-07-04 18:30:11: 開始更新ubike資料...
資料庫連線失敗:  list index out of range
2024-07-04 18:30:11: 更新ubike資料完成
2024-07-04 18:30:14: 開始更新ubike資料...
資料庫連線失敗:  list index out of range
2024-07-04 18:30:14: 更新ubike資料完成
2024-07-04 18:30:14: 開始更新ubike資料...
資料庫連線失敗:  list index out of range
2024-07-04 18:30:14: 更新ubike資料完成
2024-07-04 18:30:25: 開始更新ubike資料...
資料庫連線失敗:  list index out of range
2024-07-04 18:30:25: 更新ubike資料完成
2024-07-04 18:30:26: 開始更新ubike資料...
2024-07-04 18:30:26: 更新ubike資料完成
2024-07-04 18:30:26: 開始更新ubike資料...
2024-07-04 18:30:26: 更新ubike資料完成
2024-07-04 18:30:26: 開始更新ubike資料...
資料庫連線失敗:  list index out of range
2024-07-04 18:30:26: 更新ubike資料完成
2024-07-04 18:30:28: 開始更新ubike資料...
資料庫連線失敗:  list index out of range
2024-07-04 18:30:29: 更新ubike資料完成
2024-07-04 18:30:30: 開始更新ubike資料...
資料庫連線失敗:  list index out of range
2024-07-04 18:30:30: 更新ubike資料完成
2024-07-04 18:30:36: 開始更新ubike資料...
資料庫連線失敗:  list index out of range
2024-07-04 18:30:36: 更新ubike資料完成
2024-07-04 18:30:41: 開始更新ubike資料...
資料庫連線失敗:  list index out of range
2024-07-04 18:30:42: 更新ubike資料完成
2024-07-04 18:30:53: 開始更新ubike資料...
資料庫連線失敗:  list index out of range
2024-07-04 18:30:53: 更新ubike資料完成
2024-07-04 18:30:59: 開始更新ubike資料...
資料庫連線失敗:  list index out of range
2024-07-04 18:30:59: 更新ubike資料完成
2024-07-04 18:31:00: 開始更新ubike資料...
資料庫連線失敗:  list index out of range
2024-07-04 18:31:00: 更新ubike資料完成
2024-07-04 18:31:09: 開始更新ubike資料...
2024-07-04 18:31:09: 更新ubike資料完成
2024-07-04 18:31:11: 開始更新ubike資料...
資料庫連線失敗:  list index out of range
2024-07-04 18:31:11: 更新ubike資料完成
2024-07-04 18:31:14: 開始更新ubike資料...
資料庫連線失敗:  list index out of range
2024-07-04 18:31:14: 更新ubike資料完成
2024-07-04 18:31:14: 開始更新ubike資料...
資料庫連線失敗:  list index out of range
2024-07-04 18:31:14: 更新ubike資料完成
2024-07-04 18:31:25: 開始更新ubike資料...
資料庫連線失敗:  list index out of range
2024-07-04 18:31:25: 更新ubike資料完成
2024-07-04 18:31:26: 開始更新ubike資料...
2024-07-04 18:31:26: 更新ubike資料完成
2024-07-04 18:31:26: 開始更新ubike資料...
2024-07-04 18:31:26: 更新ubike資料完成
2024-07-04 18:31:26: 開始更新ubike資料...
資料庫連線失敗:  list index out of range
2024-07-04 18:31:26: 更新ubike資料完成
2024-07-04 18:31:28: 開始更新ubike資料...
資料庫連線失敗:  list index out of range
2024-07-04 18:31:28: 更新ubike資料完成
2024-07-04 18:31:30: 開始更新ubike資料...
資料庫連線失敗:  list index out of range
2024-07-04 18:31:30: 更新ubike資料完成
2024-07-04 18:31:36: 開始更新ubike資料...
資料庫連線失敗:  list index out of range
2024-07-04 18:31:36: 更新ubike資料完成
2024-07-04 18:31:41: 開始更新ubike資料...
資料庫連線失敗:  list index out of range
2024-07-04 18:31:42: 更新ubike資料完成
2024-07-04 18:31:51: 開始更新ubike資料...
2024-07-04 18:31:51: 更新ubike資料完成
2024-07-04 18:31:53: 開始更新ubike資料...
資料庫連線失敗:  list index out of range
2024-07-04 18:31:53: 更新ubike資料完成
2024-07-04 18:31:59: 開始更新ubike資料...
資料庫連線失敗:  list index out of range
2024-07-04 18:31:59: 更新ubike資料完成
2024-07-04 18:32:00: 開始更新ubike資料...
資料庫連線失敗:  list index out of range
2024-07-04 18:32:00: 更新ubike資料完成
2024-07-04 18:32:09: 開始更新ubike資料...
2024-07-04 18:32:09: 更新ubike資料完成
2024-07-04 18:32:11: 開始更新ubike資料...
資料庫連線失敗:  list index out of range
2024-07-04 18:32:11: 更新ubike資料完成
2024-07-04 18:32:14: 開始更新ubike資料...
資料庫連線失敗:  list index out of range
2024-07-04 18:32:14: 更新ubike資料完成
2024-07-04 18:32:14: 開始更新ubike資料...
資料庫連線失敗:  list index out of range
2024-07-04 18:32:14: 更新ubike資料完成
2024-07-04 18:32:25: 開始更新ubike資料...
資料庫連線失敗:  list index out of range
2024-07-04 18:32:25: 更新ubike資料完成
2024-07-04 18:32:26: 開始更新ubike資料...
2024-07-04 18:32:26: 更新ubike資料完成
2024-07-04 18:32:26: 開始更新ubike資料...
2024-07-04 18:32:26: 更新ubike資料完成
2024-07-04 18:32:26: 開始更新ubike資料...
資料庫連線失敗:  list index out of range
2024-07-04 18:32:26: 更新ubike資料完成
2024-07-04 18:32:28: 開始更新ubike資料...
資料庫連線失敗:  list index out of range
2024-07-04 18:32:28: 更新ubike資料完成
2024-07-04 18:32:30: 開始更新ubike資料...
資料庫連線失敗:  list index out of range
2024-07-04 18:32:30: 更新ubike資料完成
2024-07-04 18:32:36: 開始更新ubike資料...
資料庫連線失敗:  list index out of range
2024-07-04 18:32:36: 更新ubike資料完成
2024-07-04 18:32:41: 開始更新ubike資料...
資料庫連線失敗:  list index out of range
2024-07-04 18:32:42: 更新ubike資料完成
2024-07-04 18:34:03: 開始更新ubike資料...
2024-07-04 18:34:03: 更新ubike資料完成
2024-07-04 18:36:49: 開始更新ubike資料...
2024-07-04 18:36:50: 更新ubike資料完成
2024-07-04 18:37:49: 開始更新ubike資料...
2024-07-04 18:37:49: 更新ubike資料完成
2024-07-04 18:38:49: 開始更新ubike資料...
2024-07-04 18:38:49: 更新ubike資料完成
2024-07-04 18:39:49: 開始更新ubike資料...
2024-07-04 18:39:49: 更新ubike資料完成
2024-07-04 18:40:37: 開始更新ubike資料...
請求失敗: 404 Client Error:  for url: https://data.tycg.gov.tw/api/v1/rest/datastore/a1b4714b-3b75-4ff8-a8f2-cc377e4eaa0f?format=csv&limit=999
2024-07-04 18:40:49: 開始更新ubike資料...
2024-07-04 18:40:49: 更新ubike資料完成
2024-07-04 18:41:37: 開始更新ubike資料...
請求失敗: 404 Client Error:  for url: https://data.tycg.gov.tw/api/v1/rest/datastore/a1b4714b-3b75-4ff8-a8f2-cc377e4eaa0f?format=csv&limit=999
2024-07-04 23:40:35: 開始更新ubike資料...
2024-07-04 23:40:37: 更新ubike資料完成
2024-07-04 23:41:35: 開始更新ubike資料...
2024-07-04 23:41:35: 更新ubike資料完成
2024-07-04 23:42:35: 開始更新ubike資料...
2024-07-04 23:42:35: 更新ubike資料完成
2024-07-04 23:43:35: 開始更新ubike資料...
2024-07-04 23:44:35: 更新ubike資料完成
2024-07-04 23:45:35: 開始更新ubike資料...
2024-07-04 23:45:37: 更新ubike資料完成
2024-07-04 23:46:35: 開始更新ubike資料...
2024-07-04 23:46:37: 更新ubike資料完成
2024-07-04 23:47:35: 開始更新ubike資料...
2024-07-04 23:47:36: 更新ubike資料完成
2024-07-04 23:48:35: 開始更新ubike資料...
2024-07-04 23:49:36: 更新ubike資料完成
2024-07-04 23:50:35: 開始更新ubike資料...
2024-07-04 23:50:36: 更新ubike資料完成
2024-07-04 23:51:35: 開始更新ubike資料...
2024-07-04 23:51:35: 更新ubike資料完成
2024-07-04 23:52:35: 開始更新ubike資料...
2024-07-04 23:52:35: 更新ubike資料完成
2024-07-04 23:53:35: 開始更新ubike資料...
2024-07-04 23:54:35: 更新ubike資料完成
2024-07-04 23:55:35: 開始更新ubike資料...
2024-07-04 23:55:36: 更新ubike資料完成
2024-07-04 23:55:21: 開始更新ubike資料...
2024-07-04 23:56:24: 更新ubike資料完成
2024-07-04 23:56:35: 開始更新ubike資料...
2024-07-04 23:56:38: 更新ubike資料完成
2024-07-04 23:57:21: 開始更新ubike資料...
2024-07-04 23:57:22: 更新ubike資料完成
2024-07-04 23:57:35: 開始更新ubike資料...
2024-07-04 23:57:36: 更新ubike資料完成
2024-07-04 23:58:21: 開始更新ubike資料...
2024-07-04 23:58:22: 更新ubike資料完成
2024-07-04 23:58:35: 開始更新ubike資料...
2024-07-04 23:58:35: 更新ubike資料完成
2024-07-04 23:59:35: 開始更新ubike資料...
2024-07-04 23:59:35: 更新ubike資料完成
2024-07-04 23:59:21: 開始更新ubike資料...
2024-07-05 00:00:22: 更新ubike資料完成
2024-07-05 00:00:35: 開始更新ubike資料...
2024-07-05 00:00:35: 更新ubike資料完成
2024-07-05 00:00:51: 開始更新ubike資料...
2024-07-05 00:00:53: 更新ubike資料完成
2024-07-05 00:01:21: 開始更新ubike資料...
2024-07-05 00:01:22: 更新ubike資料完成
2024-07-05 00:01:35: 開始更新ubike資料...
2024-07-05 00:01:36: 更新ubike資料完成
2024-07-05 00:01:51: 開始更新ubike資料...
2024-07-05 00:01:52: 更新ubike資料完成
2024-07-05 00:02:21: 開始更新ubike資料...
2024-07-05 00:02:22: 更新ubike資料完成
2024-07-05 00:02:35: 開始更新ubike資料...
2024-07-05 00:02:36: 更新ubike資料完成
2024-07-05 00:02:51: 開始更新ubike資料...
2024-07-05 00:02:52: 更新ubike資料完成
2024-07-05 00:03:21: 開始更新ubike資料...
2024-07-05 00:03:22: 更新ubike資料完成
2024-07-05 00:03:51: 開始更新ubike資料...
2024-07-05 00:03:52: 更新ubike資料完成
2024-07-05 00:03:35: 開始更新ubike資料...
2024-07-05 00:04:35: 更新ubike資料完成
2024-07-05 00:04:44: 開始更新ubike資料...
2024-07-05 00:04:45: 更新ubike資料完成
2024-07-05 00:04:51: 開始更新ubike資料...
2024-07-05 00:04:52: 更新ubike資料完成
2024-07-05 00:04:21: 開始更新ubike資料...
2024-07-05 00:05:22: 更新ubike資料完成
2024-07-05 00:05:35: 開始更新ubike資料...
2024-07-05 00:05:35: 更新ubike資料完成
2024-07-05 00:05:44: 開始更新ubike資料...
2024-07-05 00:05:46: 更新ubike資料完成
2024-07-05 00:06:18: 開始更新ubike資料...
2024-07-05 00:06:19: 更新ubike資料完成
2024-07-05 00:06:21: 開始更新ubike資料...
2024-07-05 00:06:23: 更新ubike資料完成
2024-07-05 00:06:35: 開始更新ubike資料...
2024-07-05 00:06:36: 更新ubike資料完成
2024-07-05 00:06:44: 開始更新ubike資料...
2024-07-05 00:06:45: 更新ubike資料完成
2024-07-05 00:05:51: 開始更新ubike資料...
2024-07-05 00:06:54: 更新ubike資料完成
2024-07-05 00:07:18: 開始更新ubike資料...
2024-07-05 00:07:18: 更新ubike資料完成
2024-07-05 00:07:21: 開始更新ubike資料...
2024-07-05 00:07:22: 更新ubike資料完成
2024-07-05 00:07:44: 開始更新ubike資料...
2024-07-05 00:07:46: 更新ubike資料完成
2024-07-05 00:07:51: 開始更新ubike資料...
2024-07-05 00:07:53: 更新ubike資料完成
2024-07-05 00:08:18: 開始更新ubike資料...
2024-07-05 00:08:18: 更新ubike資料完成
2024-07-05 00:08:21: 開始更新ubike資料...
2024-07-05 00:08:23: 更新ubike資料完成
2024-07-05 00:07:35: 開始更新ubike資料...
2024-07-05 00:08:35: 更新ubike資料完成
2024-07-05 00:08:44: 開始更新ubike資料...
2024-07-05 00:08:45: 更新ubike資料完成
2024-07-05 00:08:51: 開始更新ubike資料...
2024-07-05 00:08:52: 更新ubike資料完成
2024-07-05 00:09:18: 開始更新ubike資料...
2024-07-05 00:09:19: 更新ubike資料完成
2024-07-05 00:09:21: 開始更新ubike資料...
2024-07-05 00:09:22: 更新ubike資料完成
2024-07-05 00:08:27: 開始更新ubike資料...
2024-07-05 00:09:29: 更新ubike資料完成
2024-07-05 00:09:35: 開始更新ubike資料...
2024-07-05 00:09:35: 更新ubike資料完成
2024-07-05 00:09:44: 開始更新ubike資料...
2024-07-05 00:09:45: 更新ubike資料完成
2024-07-05 00:09:51: 開始更新ubike資料...
2024-07-05 00:09:52: 更新ubike資料完成
2024-07-05 00:10:06: 開始更新ubike資料...
2024-07-05 00:10:09: 更新ubike資料完成
2024-07-05 00:10:21: 開始更新ubike資料...
2024-07-05 00:10:22: 更新ubike資料完成
2024-07-05 00:10:27: 開始更新ubike資料...
2024-07-05 00:10:28: 更新ubike資料完成
2024-07-05 00:10:35: 開始更新ubike資料...
2024-07-05 00:10:37: 更新ubike資料完成
2024-07-05 00:10:44: 開始更新ubike資料...
2024-07-05 00:10:45: 更新ubike資料完成
2024-07-05 00:10:51: 開始更新ubike資料...
2024-07-05 00:10:53: 更新ubike資料完成
2024-07-05 00:11:06: 開始更新ubike資料...
2024-07-05 00:11:07: 更新ubike資料完成
2024-07-05 00:10:18: 開始更新ubike資料...
2024-07-05 00:11:19: 更新ubike資料完成
2024-07-05 00:11:27: 開始更新ubike資料...
2024-07-05 00:11:28: 更新ubike資料完成
2024-07-05 00:11:35: 開始更新ubike資料...
2024-07-05 00:11:35: 更新ubike資料完成
2024-07-05 00:11:44: 開始更新ubike資料...
2024-07-05 00:11:45: 更新ubike資料完成
2024-07-05 00:11:51: 開始更新ubike資料...
2024-07-05 00:11:54: 更新ubike資料完成
2024-07-05 00:12:18: 開始更新ubike資料...
2024-07-05 00:12:19: 更新ubike資料完成
2024-07-05 00:11:21: 開始更新ubike資料...
2024-07-05 00:12:22: 更新ubike資料完成
2024-07-05 00:12:27: 開始更新ubike資料...
2024-07-05 00:12:28: 更新ubike資料完成
2024-07-05 00:12:35: 開始更新ubike資料...
2024-07-05 00:12:35: 更新ubike資料完成
2024-07-05 00:12:44: 開始更新ubike資料...
2024-07-05 00:12:45: 更新ubike資料完成
2024-07-05 00:12:51: 開始更新ubike資料...
2024-07-05 00:12:52: 更新ubike資料完成
2024-07-05 00:12:06: 開始更新ubike資料...
2024-07-05 00:13:07: 更新ubike資料完成
2024-07-05 00:13:18: 開始更新ubike資料...
2024-07-05 00:13:19: 更新ubike資料完成
2024-07-05 00:13:21: 開始更新ubike資料...
2024-07-05 00:13:22: 更新ubike資料完成
2024-07-05 00:13:35: 開始更新ubike資料...
2024-07-05 00:13:35: 更新ubike資料完成
2024-07-05 00:13:44: 開始更新ubike資料...
2024-07-05 00:13:46: 更新ubike資料完成
2024-07-05 00:14:18: 開始更新ubike資料...
2024-07-05 00:14:18: 更新ubike資料完成
2024-07-05 00:14:21: 開始更新ubike資料...
2024-07-05 00:14:22: 更新ubike資料完成
2024-07-05 00:13:27: 開始更新ubike資料...
2024-07-05 00:14:29: 更新ubike資料完成
2024-07-05 00:14:35: 開始更新ubike資料...
2024-07-05 00:14:36: 更新ubike資料完成
2024-07-05 00:14:44: 開始更新ubike資料...
2024-07-05 00:14:45: 更新ubike資料完成
2024-07-05 00:13:51: 開始更新ubike資料...
2024-07-05 00:14:52: 更新ubike資料完成
2024-07-05 00:14:59: 開始更新ubike資料...
2024-07-05 00:15:00: 更新ubike資料完成
2024-07-05 00:15:18: 開始更新ubike資料...
2024-07-05 00:15:18: 更新ubike資料完成
2024-07-05 00:15:21: 開始更新ubike資料...
2024-07-05 00:15:22: 更新ubike資料完成
2024-07-05 00:15:27: 開始更新ubike資料...
2024-07-05 00:15:29: 更新ubike資料完成
2024-07-05 00:15:35: 開始更新ubike資料...
2024-07-05 00:15:35: 更新ubike資料完成
2024-07-05 00:15:44: 開始更新ubike資料...
2024-07-05 00:15:44: 更新ubike資料完成
2024-07-05 00:15:51: 開始更新ubike資料...
2024-07-05 00:15:53: 更新ubike資料完成
2024-07-05 00:16:18: 開始更新ubike資料...
2024-07-05 00:16:19: 更新ubike資料完成
2024-07-05 00:16:21: 開始更新ubike資料...
2024-07-05 00:16:22: 更新ubike資料完成
2024-07-05 00:16:35: 開始更新ubike資料...
2024-07-05 00:16:35: 更新ubike資料完成
2024-07-05 00:16:51: 開始更新ubike資料...
2024-07-05 00:16:52: 更新ubike資料完成
2024-07-05 00:15:59: 開始更新ubike資料...
2024-07-05 00:17:00: 更新ubike資料完成
2024-07-05 00:17:18: 開始更新ubike資料...
2024-07-05 00:17:18: 更新ubike資料完成
2024-07-05 00:17:21: 開始更新ubike資料...
2024-07-05 00:17:22: 更新ubike資料完成
2024-07-05 00:16:27: 開始更新ubike資料...
2024-07-05 00:17:29: 更新ubike資料完成
2024-07-05 00:17:35: 開始更新ubike資料...
2024-07-05 00:17:35: 更新ubike資料完成
2024-07-05 00:16:44: 開始更新ubike資料...
2024-07-05 00:17:45: 更新ubike資料完成
2024-07-05 00:17:51: 開始更新ubike資料...
2024-07-05 00:17:52: 更新ubike資料完成
2024-07-05 00:17:59: 開始更新ubike資料...
2024-07-05 00:18:00: 更新ubike資料完成
2024-07-05 00:18:18: 開始更新ubike資料...
2024-07-05 00:18:19: 更新ubike資料完成
2024-07-05 00:18:21: 開始更新ubike資料...
2024-07-05 00:18:22: 更新ubike資料完成
2024-07-05 00:18:27: 開始更新ubike資料...
2024-07-05 00:18:29: 更新ubike資料完成
2024-07-05 00:18:35: 開始更新ubike資料...
2024-07-05 00:18:37: 更新ubike資料完成
2024-07-05 00:18:44: 開始更新ubike資料...
2024-07-05 00:18:44: 更新ubike資料完成
2024-07-05 00:18:51: 開始更新ubike資料...
2024-07-05 00:18:52: 更新ubike資料完成
2024-07-05 00:18:59: 開始更新ubike資料...
2024-07-05 00:19:00: 更新ubike資料完成
2024-07-05 00:19:18: 開始更新ubike資料...
2024-07-05 00:19:18: 更新ubike資料完成
2024-07-05 00:19:21: 開始更新ubike資料...
2024-07-05 00:19:22: 更新ubike資料完成
2024-07-05 00:19:27: 開始更新ubike資料...
2024-07-05 00:19:28: 更新ubike資料完成
2024-07-05 00:19:35: 開始更新ubike資料...
2024-07-05 00:19:35: 更新ubike資料完成
2024-07-05 00:19:44: 開始更新ubike資料...
2024-07-05 00:19:45: 更新ubike資料完成
2024-07-05 00:19:51: 開始更新ubike資料...
2024-07-05 00:19:52: 更新ubike資料完成
2024-07-05 00:19:59: 開始更新ubike資料...
2024-07-05 00:20:00: 更新ubike資料完成
2024-07-05 00:20:18: 開始更新ubike資料...
2024-07-05 00:20:19: 更新ubike資料完成
2024-07-05 00:20:21: 開始更新ubike資料...
2024-07-05 00:20:22: 更新ubike資料完成
2024-07-05 00:20:27: 開始更新ubike資料...
2024-07-05 00:20:28: 更新ubike資料完成
2024-07-05 00:20:35: 開始更新ubike資料...
2024-07-05 00:20:36: 更新ubike資料完成
2024-07-05 00:20:44: 開始更新ubike資料...
2024-07-05 00:20:44: 更新ubike資料完成
2024-07-05 00:21:18: 開始更新ubike資料...
2024-07-05 00:21:18: 更新ubike資料完成
2024-07-05 00:21:21: 開始更新ubike資料...
2024-07-05 00:21:23: 更新ubike資料完成
2024-07-05 00:21:27: 開始更新ubike資料...
2024-07-05 00:21:28: 更新ubike資料完成
2024-07-05 00:21:35: 開始更新ubike資料...
2024-07-05 00:21:35: 更新ubike資料完成
2024-07-05 00:21:44: 開始更新ubike資料...
2024-07-05 00:21:44: 更新ubike資料完成
2024-07-05 00:20:51: 開始更新ubike資料...
2024-07-05 00:21:53: 更新ubike資料完成
2024-07-05 00:20:59: 開始更新ubike資料...
2024-07-05 00:22:01: 更新ubike資料完成
2024-07-05 00:22:18: 開始更新ubike資料...
2024-07-05 00:22:19: 更新ubike資料完成
2024-07-05 00:22:21: 開始更新ubike資料...
2024-07-05 00:22:22: 更新ubike資料完成
2024-07-05 00:22:27: 開始更新ubike資料...
2024-07-05 00:22:28: 更新ubike資料完成
2024-07-05 00:22:35: 開始更新ubike資料...
2024-07-05 00:22:35: 更新ubike資料完成
2024-07-05 00:22:44: 開始更新ubike資料...
2024-07-05 00:22:45: 更新ubike資料完成
2024-07-05 00:22:51: 開始更新ubike資料...
2024-07-05 00:22:52: 更新ubike資料完成
2024-07-05 00:23:18: 開始更新ubike資料...
2024-07-05 00:23:19: 更新ubike資料完成
2024-07-05 00:23:27: 開始更新ubike資料...
2024-07-05 00:23:28: 更新ubike資料完成
2024-07-05 00:23:35: 開始更新ubike資料...
2024-07-05 00:23:37: 更新ubike資料完成
2024-07-05 00:23:44: 開始更新ubike資料...
2024-07-05 00:23:45: 更新ubike資料完成
2024-07-05 00:23:51: 開始更新ubike資料...
2024-07-05 00:23:52: 更新ubike資料完成
2024-07-05 00:22:59: 開始更新ubike資料...
2024-07-05 00:24:00: 更新ubike資料完成
2024-07-05 00:24:18: 開始更新ubike資料...
2024-07-05 00:24:20: 更新ubike資料完成
2024-07-05 00:23:21: 開始更新ubike資料...
2024-07-05 00:24:22: 更新ubike資料完成
2024-07-05 00:24:27: 開始更新ubike資料...
2024-07-05 00:24:29: 更新ubike資料完成
2024-07-05 00:24:35: 開始更新ubike資料...
2024-07-05 00:24:36: 更新ubike資料完成
2024-07-05 00:24:44: 開始更新ubike資料...
2024-07-05 00:24:45: 更新ubike資料完成
2024-07-05 00:24:51: 開始更新ubike資料...
2024-07-05 00:24:52: 更新ubike資料完成
2024-07-05 00:24:59: 開始更新ubike資料...
2024-07-05 00:25:00: 更新ubike資料完成
2024-07-05 00:25:18: 開始更新ubike資料...
2024-07-05 00:25:19: 更新ubike資料完成
2024-07-05 00:25:21: 開始更新ubike資料...
2024-07-05 00:25:23: 更新ubike資料完成
2024-07-05 00:25:27: 開始更新ubike資料...
2024-07-05 00:25:28: 更新ubike資料完成
2024-07-05 00:25:44: 開始更新ubike資料...
2024-07-05 00:25:45: 更新ubike資料完成
2024-07-05 00:25:51: 開始更新ubike資料...
2024-07-05 00:25:52: 更新ubike資料完成
2024-07-05 00:25:59: 開始更新ubike資料...
2024-07-05 00:26:00: 更新ubike資料完成
2024-07-05 00:26:18: 開始更新ubike資料...
2024-07-05 00:26:18: 更新ubike資料完成
2024-07-05 00:26:21: 開始更新ubike資料...
2024-07-05 00:26:22: 更新ubike資料完成
2024-07-05 00:26:27: 開始更新ubike資料...
2024-07-05 00:26:28: 更新ubike資料完成
2024-07-05 00:25:35: 開始更新ubike資料...
2024-07-05 00:26:35: 更新ubike資料完成
2024-07-05 00:26:44: 開始更新ubike資料...
2024-07-05 00:26:45: 更新ubike資料完成
2024-07-05 00:26:51: 開始更新ubike資料...
2024-07-05 00:26:52: 更新ubike資料完成
2024-07-05 00:26:59: 開始更新ubike資料...
2024-07-05 00:27:00: 更新ubike資料完成
2024-07-05 00:27:21: 開始更新ubike資料...
2024-07-05 00:27:22: 更新ubike資料完成
2024-07-05 00:27:27: 開始更新ubike資料...
2024-07-05 00:27:28: 更新ubike資料完成
2024-07-05 00:27:35: 開始更新ubike資料...
2024-07-05 00:27:35: 更新ubike資料完成
2024-07-05 00:27:44: 開始更新ubike資料...
2024-07-05 00:27:45: 更新ubike資料完成
2024-07-05 00:27:51: 開始更新ubike資料...
2024-07-05 00:27:52: 更新ubike資料完成
2024-07-05 00:27:18: 開始更新ubike資料...
2024-07-05 00:28:19: 更新ubike資料完成
2024-07-05 00:28:21: 開始更新ubike資料...
2024-07-05 00:28:22: 更新ubike資料完成
2024-07-05 00:28:27: 開始更新ubike資料...
2024-07-05 00:28:28: 更新ubike資料完成
2024-07-05 00:28:35: 開始更新ubike資料...
資料庫連線失敗:  list index out of range
2024-07-05 00:27:59: 開始更新ubike資料...
資料庫連線失敗:  list index out of range
2024-07-05 00:28:36: 更新ubike資料完成
2024-07-05 00:28:59: 開始更新ubike資料...
2024-07-05 00:29:00: 更新ubike資料完成
2024-07-05 00:29:18: 開始更新ubike資料...
2024-07-05 00:29:18: 更新ubike資料完成
2024-07-05 00:29:21: 開始更新ubike資料...
2024-07-05 00:29:23: 更新ubike資料完成
2024-07-05 00:29:35: 開始更新ubike資料...
2024-07-05 00:29:35: 更新ubike資料完成
2024-07-05 00:28:44: 開始更新ubike資料...
資料庫連線失敗:  list index out of range
2024-07-05 00:29:44: 更新ubike資料完成
2024-07-05 00:28:51: 開始更新ubike資料...
資料庫連線失敗:  list index out of range
2024-07-05 00:29:52: 更新ubike資料完成
2024-07-05 00:29:27: 開始更新ubike資料...
資料庫連線失敗:  list index out of range
2024-07-05 00:30:28: 更新ubike資料完成
2024-07-05 00:30:35: 開始更新ubike資料...
2024-07-05 00:30:36: 更新ubike資料完成
2024-07-05 00:30:44: 開始更新ubike資料...
2024-07-05 00:30:45: 更新ubike資料完成
2024-07-05 00:30:51: 開始更新ubike資料...
2024-07-05 00:30:52: 更新ubike資料完成
2024-07-05 00:29:59: 開始更新ubike資料...
資料庫連線失敗:  list index out of range
2024-07-05 00:31:00: 更新ubike資料完成
2024-07-05 00:30:18: 開始更新ubike資料...
資料庫連線失敗:  list index out of range
2024-07-05 00:31:18: 更新ubike資料完成
2024-07-05 00:30:21: 開始更新ubike資料...
請求失敗: 504 Server Error: Gateway Time-out for url: https://data.tycg.gov.tw/api/v1/rest/datastore/a1b4714b-3b75-4ff8-a8f2-cc377e4eaa0f?format=csv&limit=999
2024-07-05 00:31:35: 開始更新ubike資料...
2024-07-05 00:31:36: 更新ubike資料完成
2024-07-05 00:31:59: 開始更新ubike資料...
2024-07-05 00:32:00: 更新ubike資料完成
2024-07-05 00:31:27: 開始更新ubike資料...
資料庫連線失敗:  list index out of range
2024-07-05 00:32:27: 更新ubike資料完成
2024-07-05 00:31:44: 開始更新ubike資料...
資料庫連線失敗:  list index out of range
2024-07-05 00:32:44: 更新ubike資料完成
2024-07-05 00:31:51: 開始更新ubike資料...
資料庫連線失敗:  list index out of range
2024-07-05 00:32:52: 更新ubike資料完成
2024-07-05 00:32:59: 開始更新ubike資料...
2024-07-05 00:33:00: 更新ubike資料完成
2024-07-05 00:32:18: 開始更新ubike資料...
資料庫連線失敗:  list index out of range
2024-07-05 00:33:18: 更新ubike資料完成
2024-07-05 00:32:21: 開始更新ubike資料...
請求失敗: 504 Server Error: Gateway Time-out for url: https://data.tycg.gov.tw/api/v1/rest/datastore/a1b4714b-3b75-4ff8-a8f2-cc377e4eaa0f?format=csv&limit=999
2024-07-05 00:32:35: 開始更新ubike資料...
請求失敗: 504 Server Error: Gateway Time-out for url: https://data.tycg.gov.tw/api/v1/rest/datastore/a1b4714b-3b75-4ff8-a8f2-cc377e4eaa0f?format=csv&limit=999
2024-07-05 00:33:44: 開始更新ubike資料...
2024-07-05 00:33:58: 更新ubike資料完成
2024-07-05 00:33:59: 開始更新ubike資料...
2024-07-05 00:34:00: 更新ubike資料完成
2024-07-05 00:34:18: 開始更新ubike資料...
2024-07-05 00:34:19: 更新ubike資料完成
2024-07-05 00:34:35: 開始更新ubike資料...
2024-07-05 00:34:35: 更新ubike資料完成
2024-07-05 00:33:51: 開始更新ubike資料...
2024-07-05 00:34:53: 更新ubike資料完成
2024-07-05 00:33:27: 開始更新ubike資料...
2024-07-05 00:34:58: 更新ubike資料完成
2024-07-05 00:34:59: 開始更新ubike資料...
2024-07-05 00:35:00: 更新ubike資料完成
2024-07-05 00:35:18: 開始更新ubike資料...
2024-07-05 00:35:19: 更新ubike資料完成
2024-07-05 00:34:21: 開始更新ubike資料...
2024-07-05 00:35:23: 更新ubike資料完成
2024-07-05 00:35:27: 開始更新ubike資料...
2024-07-05 00:35:30: 更新ubike資料完成
2024-07-05 00:35:35: 開始更新ubike資料...
2024-07-05 00:35:36: 更新ubike資料完成
2024-07-05 00:34:44: 開始更新ubike資料...
2024-07-05 00:35:44: 更新ubike資料完成
2024-07-05 00:35:51: 開始更新ubike資料...
2024-07-05 00:35:52: 更新ubike資料完成
2024-07-05 00:35:59: 開始更新ubike資料...
2024-07-05 00:36:00: 更新ubike資料完成
2024-07-05 00:36:18: 開始更新ubike資料...
2024-07-05 00:36:19: 更新ubike資料完成
2024-07-05 00:36:27: 開始更新ubike資料...
2024-07-05 00:36:29: 更新ubike資料完成
2024-07-05 00:36:44: 開始更新ubike資料...
2024-07-05 00:36:45: 更新ubike資料完成
2024-07-05 00:36:51: 開始更新ubike資料...
2024-07-05 00:36:52: 更新ubike資料完成
2024-07-05 00:36:59: 開始更新ubike資料...
2024-07-05 00:37:00: 更新ubike資料完成
2024-07-05 00:37:18: 開始更新ubike資料...
2024-07-05 00:37:19: 更新ubike資料完成
2024-07-05 00:36:21: 開始更新ubike資料...
2024-07-05 00:37:22: 更新ubike資料完成
2024-07-05 00:37:27: 開始更新ubike資料...
2024-07-05 00:37:28: 更新ubike資料完成
2024-07-05 00:36:35: 開始更新ubike資料...
2024-07-05 00:37:35: 更新ubike資料完成
2024-07-05 00:37:44: 開始更新ubike資料...
2024-07-05 00:37:45: 更新ubike資料完成
2024-07-05 00:37:51: 開始更新ubike資料...
2024-07-05 00:37:52: 更新ubike資料完成
2024-07-05 00:37:59: 開始更新ubike資料...
2024-07-05 00:38:00: 更新ubike資料完成
2024-07-05 00:38:18: 開始更新ubike資料...
2024-07-05 00:38:19: 更新ubike資料完成
2024-07-05 00:38:21: 開始更新ubike資料...
2024-07-05 00:38:22: 更新ubike資料完成
2024-07-05 00:38:27: 開始更新ubike資料...
2024-07-05 00:38:28: 更新ubike資料完成
2024-07-05 00:38:44: 開始更新ubike資料...
2024-07-05 00:38:45: 更新ubike資料完成
2024-07-05 00:38:51: 開始更新ubike資料...
2024-07-05 00:38:52: 更新ubike資料完成
2024-07-05 00:38:59: 開始更新ubike資料...
2024-07-05 00:39:01: 更新ubike資料完成
2024-07-05 00:39:18: 開始更新ubike資料...
2024-07-05 00:39:19: 更新ubike資料完成
2024-07-05 00:39:27: 開始更新ubike資料...
2024-07-05 00:39:28: 更新ubike資料完成
2024-07-05 00:38:35: 開始更新ubike資料...
2024-07-05 00:39:35: 更新ubike資料完成
2024-07-05 00:39:44: 開始更新ubike資料...
2024-07-05 00:39:45: 更新ubike資料完成
2024-07-05 00:39:51: 開始更新ubike資料...
2024-07-05 00:39:52: 更新ubike資料完成
2024-07-05 00:40:18: 開始更新ubike資料...
2024-07-05 00:40:18: 更新ubike資料完成
2024-07-05 00:39:21: 開始更新ubike資料...
2024-07-05 00:40:23: 更新ubike資料完成
2024-07-05 00:40:27: 開始更新ubike資料...
2024-07-05 00:40:28: 更新ubike資料完成
2024-07-05 00:40:35: 開始更新ubike資料...
2024-07-05 00:40:35: 更新ubike資料完成
2024-07-05 00:40:44: 開始更新ubike資料...
2024-07-05 00:40:45: 更新ubike資料完成
2024-07-05 00:40:51: 開始更新ubike資料...
2024-07-05 00:40:52: 更新ubike資料完成
2024-07-05 00:39:59: 開始更新ubike資料...
2024-07-05 00:41:01: 更新ubike資料完成
2024-07-05 00:41:18: 開始更新ubike資料...
2024-07-05 00:41:19: 更新ubike資料完成
2024-07-05 00:41:21: 開始更新ubike資料...
2024-07-05 00:41:22: 更新ubike資料完成
2024-07-05 00:41:27: 開始更新ubike資料...
2024-07-05 00:41:28: 更新ubike資料完成
2024-07-05 00:41:35: 開始更新ubike資料...
2024-07-05 00:41:35: 更新ubike資料完成
2024-07-05 00:41:44: 開始更新ubike資料...
2024-07-05 00:41:46: 更新ubike資料完成
2024-07-05 00:41:51: 開始更新ubike資料...
2024-07-05 00:41:52: 更新ubike資料完成
2024-07-05 00:41:59: 開始更新ubike資料...
2024-07-05 00:42:01: 更新ubike資料完成
2024-07-05 00:42:18: 開始更新ubike資料...
2024-07-05 00:42:19: 更新ubike資料完成
2024-07-05 00:42:21: 開始更新ubike資料...
2024-07-05 00:42:22: 更新ubike資料完成
2024-07-05 00:42:27: 開始更新ubike資料...
2024-07-05 00:42:28: 更新ubike資料完成
2024-07-05 00:42:35: 開始更新ubike資料...
2024-07-05 00:42:35: 更新ubike資料完成
2024-07-05 00:42:44: 開始更新ubike資料...
2024-07-05 00:42:45: 更新ubike資料完成
2024-07-05 00:43:18: 開始更新ubike資料...
2024-07-05 00:43:20: 更新ubike資料完成
2024-07-05 00:43:35: 開始更新ubike資料...
2024-07-05 00:43:35: 更新ubike資料完成
2024-07-05 00:43:44: 開始更新ubike資料...
2024-07-05 00:43:45: 更新ubike資料完成
2024-07-05 00:42:51: 開始更新ubike資料...
2024-07-05 00:43:52: 更新ubike資料完成
2024-07-05 00:42:59: 開始更新ubike資料...
2024-07-05 00:44:00: 更新ubike資料完成
2024-07-05 00:43:21: 開始更新ubike資料...
2024-07-05 00:44:23: 更新ubike資料完成
2024-07-05 00:43:27: 開始更新ubike資料...
2024-07-05 00:44:28: 更新ubike資料完成
2024-07-05 00:44:35: 開始更新ubike資料...
2024-07-05 00:44:35: 更新ubike資料完成
2024-07-05 00:44:44: 開始更新ubike資料...
2024-07-05 00:44:45: 更新ubike資料完成
2024-07-05 00:44:51: 開始更新ubike資料...
2024-07-05 00:44:52: 更新ubike資料完成
2024-07-05 00:44:59: 開始更新ubike資料...
2024-07-05 00:45:00: 更新ubike資料完成
2024-07-05 00:44:18: 開始更新ubike資料...
2024-07-05 00:45:18: 更新ubike資料完成
2024-07-05 00:45:21: 開始更新ubike資料...
2024-07-05 00:45:22: 更新ubike資料完成
2024-07-05 00:45:27: 開始更新ubike資料...
2024-07-05 00:45:30: 更新ubike資料完成
2024-07-05 00:45:35: 開始更新ubike資料...
2024-07-05 00:45:35: 更新ubike資料完成
2024-07-05 00:45:44: 開始更新ubike資料...
2024-07-05 00:45:46: 更新ubike資料完成
2024-07-05 00:45:59: 開始更新ubike資料...
2024-07-05 00:46:00: 更新ubike資料完成
2024-07-05 00:46:18: 開始更新ubike資料...
2024-07-05 00:46:18: 更新ubike資料完成
2024-07-05 00:46:21: 開始更新ubike資料...
2024-07-05 00:46:22: 更新ubike資料完成
2024-07-05 00:46:27: 開始更新ubike資料...
2024-07-05 00:46:28: 更新ubike資料完成
2024-07-05 00:46:35: 開始更新ubike資料...
2024-07-05 00:46:36: 更新ubike資料完成
2024-07-05 00:46:44: 開始更新ubike資料...
2024-07-05 00:46:45: 更新ubike資料完成
2024-07-05 00:45:51: 開始更新ubike資料...
2024-07-05 00:46:52: 更新ubike資料完成
2024-07-05 00:46:59: 開始更新ubike資料...
2024-07-05 00:47:00: 更新ubike資料完成
2024-07-05 00:47:18: 開始更新ubike資料...
2024-07-05 00:47:20: 更新ubike資料完成
2024-07-05 00:47:21: 開始更新ubike資料...
2024-07-05 00:47:24: 更新ubike資料完成
2024-07-05 00:47:35: 開始更新ubike資料...
2024-07-05 00:47:35: 更新ubike資料完成
2024-07-05 00:47:44: 開始更新ubike資料...
2024-07-05 00:47:45: 更新ubike資料完成
2024-07-05 00:47:59: 開始更新ubike資料...
2024-07-05 00:48:01: 更新ubike資料完成
2024-07-05 00:48:18: 開始更新ubike資料...
2024-07-05 00:48:19: 更新ubike資料完成
2024-07-05 00:47:27: 開始更新ubike資料...
2024-07-05 00:48:28: 更新ubike資料完成
2024-07-05 00:48:35: 開始更新ubike資料...
2024-07-05 00:48:35: 更新ubike資料完成
2024-07-05 00:48:44: 開始更新ubike資料...
2024-07-05 00:48:45: 更新ubike資料完成
2024-07-05 00:47:51: 開始更新ubike資料...
2024-07-05 00:48:52: 更新ubike資料完成
2024-07-05 00:48:59: 開始更新ubike資料...
2024-07-05 00:49:01: 更新ubike資料完成
2024-07-05 00:49:18: 開始更新ubike資料...
2024-07-05 00:49:19: 更新ubike資料完成
2024-07-05 00:48:21: 開始更新ubike資料...
2024-07-05 00:49:22: 更新ubike資料完成
2024-07-05 00:49:27: 開始更新ubike資料...
2024-07-05 00:49:28: 更新ubike資料完成
2024-07-05 00:49:35: 開始更新ubike資料...
2024-07-05 00:49:35: 更新ubike資料完成
2024-07-05 00:49:44: 開始更新ubike資料...
2024-07-05 00:49:45: 更新ubike資料完成
2024-07-05 00:49:51: 開始更新ubike資料...
2024-07-05 00:49:52: 更新ubike資料完成
2024-07-05 00:49:59: 開始更新ubike資料...
2024-07-05 00:50:00: 更新ubike資料完成
2024-07-05 00:50:18: 開始更新ubike資料...
2024-07-05 00:50:20: 更新ubike資料完成
2024-07-05 00:50:21: 開始更新ubike資料...
2024-07-05 00:50:22: 更新ubike資料完成
2024-07-05 00:50:35: 開始更新ubike資料...
2024-07-05 00:50:35: 更新ubike資料完成
2024-07-05 00:50:44: 開始更新ubike資料...
2024-07-05 00:50:45: 更新ubike資料完成
2024-07-05 00:50:51: 開始更新ubike資料...
2024-07-05 00:50:52: 更新ubike資料完成
2024-07-05 00:50:59: 開始更新ubike資料...
2024-07-05 00:51:00: 更新ubike資料完成
2024-07-05 00:51:18: 開始更新ubike資料...
2024-07-05 00:51:19: 更新ubike資料完成
2024-07-05 00:51:21: 開始更新ubike資料...
2024-07-05 00:51:22: 更新ubike資料完成
2024-07-05 00:50:27: 開始更新ubike資料...
2024-07-05 00:51:28: 更新ubike資料完成
2024-07-05 00:51:44: 開始更新ubike資料...
2024-07-05 00:51:44: 更新ubike資料完成
2024-07-05 00:51:51: 開始更新ubike資料...
2024-07-05 00:51:52: 更新ubike資料完成
2024-07-05 00:51:59: 開始更新ubike資料...
2024-07-05 00:52:00: 更新ubike資料完成
2024-07-05 00:52:18: 開始更新ubike資料...
2024-07-05 00:52:19: 更新ubike資料完成
2024-07-05 00:52:27: 開始更新ubike資料...
2024-07-05 00:52:28: 更新ubike資料完成
2024-07-05 00:51:35: 開始更新ubike資料...
2024-07-05 00:52:35: 更新ubike資料完成
2024-07-05 00:52:44: 開始更新ubike資料...
2024-07-05 00:52:45: 更新ubike資料完成
2024-07-05 00:52:51: 開始更新ubike資料...
2024-07-05 00:52:53: 更新ubike資料完成
2024-07-05 00:52:59: 開始更新ubike資料...
2024-07-05 00:53:00: 更新ubike資料完成
2024-07-05 00:53:18: 開始更新ubike資料...
2024-07-05 00:53:18: 更新ubike資料完成
2024-07-05 00:52:21: 開始更新ubike資料...
2024-07-05 00:53:22: 更新ubike資料完成
2024-07-05 00:53:27: 開始更新ubike資料...
2024-07-05 00:53:28: 更新ubike資料完成
2024-07-05 00:53:44: 開始更新ubike資料...
2024-07-05 00:53:45: 更新ubike資料完成
2024-07-05 00:53:59: 開始更新ubike資料...
2024-07-05 00:54:00: 更新ubike資料完成
2024-07-05 00:54:18: 開始更新ubike資料...
2024-07-05 00:54:19: 更新ubike資料完成
2024-07-05 00:54:21: 開始更新ubike資料...
2024-07-05 00:54:23: 更新ubike資料完成
2024-07-05 00:53:35: 開始更新ubike資料...
2024-07-05 00:54:35: 更新ubike資料完成
2024-07-05 00:54:44: 開始更新ubike資料...
2024-07-05 00:54:46: 更新ubike資料完成
2024-07-05 00:53:51: 開始更新ubike資料...
2024-07-05 00:54:53: 更新ubike資料完成
2024-07-05 00:55:18: 開始更新ubike資料...
2024-07-05 00:55:19: 更新ubike資料完成
2024-07-05 00:55:21: 開始更新ubike資料...
2024-07-05 00:55:22: 更新ubike資料完成
2024-07-05 00:55:35: 開始更新ubike資料...
2024-07-05 00:55:35: 更新ubike資料完成
2024-07-05 00:54:27: 開始更新ubike資料...
資料庫連線失敗:  list index out of range
2024-07-05 00:55:38: 更新ubike資料完成
2024-07-05 00:55:51: 開始更新ubike資料...
2024-07-05 00:55:52: 更新ubike資料完成
2024-07-05 00:54:59: 開始更新ubike資料...
2024-07-05 00:56:00: 更新ubike資料完成
2024-07-05 00:56:18: 開始更新ubike資料...
2024-07-05 00:56:18: 更新ubike資料完成
2024-07-05 00:56:21: 開始更新ubike資料...
2024-07-05 00:56:22: 更新ubike資料完成
2024-07-05 00:56:27: 開始更新ubike資料...
2024-07-05 00:56:28: 更新ubike資料完成
2024-07-05 00:55:44: 開始更新ubike資料...
2024-07-05 00:56:46: 更新ubike資料完成
2024-07-05 00:56:51: 開始更新ubike資料...
2024-07-05 00:56:52: 更新ubike資料完成
2024-07-05 00:56:59: 開始更新ubike資料...
2024-07-05 00:57:00: 更新ubike資料完成
2024-07-05 00:57:18: 開始更新ubike資料...
2024-07-05 00:57:18: 更新ubike資料完成
2024-07-05 00:57:27: 開始更新ubike資料...
2024-07-05 00:57:29: 更新ubike資料完成
2024-07-05 00:56:35: 開始更新ubike資料...
2024-07-05 00:57:35: 更新ubike資料完成
2024-07-05 00:57:44: 開始更新ubike資料...
2024-07-05 00:57:45: 更新ubike資料完成
2024-07-05 00:57:51: 開始更新ubike資料...
2024-07-05 00:57:52: 更新ubike資料完成
2024-07-05 00:57:59: 開始更新ubike資料...
2024-07-05 00:58:00: 更新ubike資料完成
2024-07-05 00:58:18: 開始更新ubike資料...
2024-07-05 00:58:19: 更新ubike資料完成
2024-07-05 00:57:21: 開始更新ubike資料...
2024-07-05 00:58:22: 更新ubike資料完成
2024-07-05 00:58:27: 開始更新ubike資料...
2024-07-05 00:58:28: 更新ubike資料完成
2024-07-05 00:58:35: 開始更新ubike資料...
2024-07-05 00:58:35: 更新ubike資料完成
2024-07-05 00:58:51: 開始更新ubike資料...
2024-07-05 00:58:52: 更新ubike資料完成
2024-07-05 00:58:59: 開始更新ubike資料...
2024-07-05 00:59:00: 更新ubike資料完成
2024-07-05 00:59:18: 開始更新ubike資料...
2024-07-05 00:59:19: 更新ubike資料完成
2024-07-05 00:59:21: 開始更新ubike資料...
2024-07-05 00:59:22: 更新ubike資料完成
2024-07-05 00:59:27: 開始更新ubike資料...
2024-07-05 00:59:29: 更新ubike資料完成
2024-07-05 00:59:35: 開始更新ubike資料...
2024-07-05 00:59:35: 更新ubike資料完成
2024-07-05 00:58:44: 開始更新ubike資料...
2024-07-05 00:59:45: 更新ubike資料完成
2024-07-05 00:59:51: 開始更新ubike資料...
2024-07-05 00:59:53: 更新ubike資料完成
2024-07-05 01:00:21: 開始更新ubike資料...
2024-07-05 01:00:22: 更新ubike資料完成
2024-07-05 01:00:27: 開始更新ubike資料...
2024-07-05 01:00:29: 更新ubike資料完成
2024-07-05 01:00:44: 開始更新ubike資料...
2024-07-05 01:00:45: 更新ubike資料完成
2024-07-05 00:59:59: 開始更新ubike資料...
2024-07-05 01:01:00: 更新ubike資料完成
2024-07-05 01:00:18: 開始更新ubike資料...
2024-07-05 01:01:18: 更新ubike資料完成
2024-07-05 01:01:21: 開始更新ubike資料...
2024-07-05 01:01:22: 更新ubike資料完成
2024-07-05 01:01:27: 開始更新ubike資料...
2024-07-05 01:01:28: 更新ubike資料完成
2024-07-05 01:00:35: 開始更新ubike資料...
2024-07-05 01:01:36: 更新ubike資料完成
2024-07-05 01:01:44: 開始更新ubike資料...
2024-07-05 01:01:45: 更新ubike資料完成
2024-07-05 01:00:51: 開始更新ubike資料...
2024-07-05 01:01:52: 更新ubike資料完成
2024-07-05 01:01:59: 開始更新ubike資料...
2024-07-05 01:02:00: 更新ubike資料完成
2024-07-05 01:02:18: 開始更新ubike資料...
2024-07-05 01:02:18: 更新ubike資料完成
2024-07-05 01:02:35: 開始更新ubike資料...
2024-07-05 01:02:35: 更新ubike資料完成
2024-07-05 01:02:44: 開始更新ubike資料...
2024-07-05 01:02:45: 更新ubike資料完成
2024-07-05 01:02:51: 開始更新ubike資料...
2024-07-05 01:02:52: 更新ubike資料完成
2024-07-05 01:02:59: 開始更新ubike資料...
2024-07-05 01:03:00: 更新ubike資料完成
2024-07-05 01:03:18: 開始更新ubike資料...
2024-07-05 01:03:18: 更新ubike資料完成
2024-07-05 01:02:27: 開始更新ubike資料...
2024-07-05 01:03:28: 更新ubike資料完成
2024-07-05 01:02:21: 開始更新ubike資料...
資料庫連線失敗:  list index out of range
2024-07-05 01:03:35: 開始更新ubike資料...
2024-07-05 01:03:36: 更新ubike資料完成
2024-07-05 01:03:44: 開始更新ubike資料...
2024-07-05 01:03:45: 更新ubike資料完成
2024-07-05 01:03:51: 開始更新ubike資料...
2024-07-05 01:03:52: 更新ubike資料完成
2024-07-05 01:03:59: 開始更新ubike資料...
2024-07-05 01:04:00: 更新ubike資料完成
2024-07-05 01:04:18: 開始更新ubike資料...
2024-07-05 01:04:18: 更新ubike資料完成
2024-07-05 01:04:21: 開始更新ubike資料...
2024-07-05 01:04:22: 更新ubike資料完成
2024-07-05 01:04:35: 開始更新ubike資料...
2024-07-05 01:04:35: 更新ubike資料完成
2024-07-05 01:04:51: 開始更新ubike資料...
2024-07-05 01:04:52: 更新ubike資料完成
2024-07-05 01:04:59: 開始更新ubike資料...
2024-07-05 01:05:01: 更新ubike資料完成
2024-07-05 01:05:18: 開始更新ubike資料...
2024-07-05 01:05:19: 更新ubike資料完成
2024-07-05 01:04:27: 開始更新ubike資料...
2024-07-05 01:05:29: 更新ubike資料完成
2024-07-05 01:05:35: 開始更新ubike資料...
2024-07-05 01:05:35: 更新ubike資料完成
2024-07-05 01:04:44: 開始更新ubike資料...
2024-07-05 01:05:45: 更新ubike資料完成
2024-07-05 01:05:51: 開始更新ubike資料...
2024-07-05 01:05:52: 更新ubike資料完成
2024-07-05 01:05:21: 開始更新ubike資料...
2024-07-05 01:06:22: 更新ubike資料完成
2024-07-05 01:06:27: 開始更新ubike資料...
2024-07-05 01:06:30: 更新ubike資料完成
2024-07-05 01:06:35: 開始更新ubike資料...
2024-07-05 01:06:35: 更新ubike資料完成
2024-07-05 01:06:51: 開始更新ubike資料...
2024-07-05 01:06:53: 更新ubike資料完成
2024-07-05 01:05:59: 開始更新ubike資料...
2024-07-05 01:07:00: 更新ubike資料完成
2024-07-05 01:07:21: 開始更新ubike資料...
2024-07-05 01:07:22: 更新ubike資料完成
2024-07-05 01:06:18: 開始更新ubike資料...
資料庫連線失敗:  list index out of range
2024-07-05 01:07:28: 更新ubike資料完成
2024-07-05 01:07:27: 開始更新ubike資料...
2024-07-05 01:07:29: 更新ubike資料完成
2024-07-05 01:07:35: 開始更新ubike資料...
2024-07-05 01:07:36: 更新ubike資料完成
2024-07-05 01:06:44: 開始更新ubike資料...
2024-07-05 01:07:46: 更新ubike資料完成
2024-07-05 01:07:51: 開始更新ubike資料...
2024-07-05 01:07:52: 更新ubike資料完成
2024-07-05 01:08:21: 開始更新ubike資料...
2024-07-05 01:08:22: 更新ubike資料完成
2024-07-05 01:08:27: 開始更新ubike資料...
2024-07-05 01:08:28: 更新ubike資料完成
2024-07-05 01:08:35: 開始更新ubike資料...
2024-07-05 01:08:37: 更新ubike資料完成
2024-07-05 01:08:44: 開始更新ubike資料...
2024-07-05 01:08:45: 更新ubike資料完成
2024-07-05 01:08:51: 開始更新ubike資料...
2024-07-05 01:08:53: 更新ubike資料完成
2024-07-05 01:07:59: 開始更新ubike資料...
2024-07-05 01:09:00: 更新ubike資料完成
2024-07-05 01:08:18: 開始更新ubike資料...
2024-07-05 01:09:18: 更新ubike資料完成
2024-07-05 01:09:21: 開始更新ubike資料...
2024-07-05 01:09:22: 更新ubike資料完成
2024-07-05 01:09:27: 開始更新ubike資料...
2024-07-05 01:09:29: 更新ubike資料完成
2024-07-05 01:09:35: 開始更新ubike資料...
2024-07-05 01:09:35: 更新ubike資料完成
2024-07-05 01:09:44: 開始更新ubike資料...
2024-07-05 01:09:45: 更新ubike資料完成
2024-07-05 01:09:51: 開始更新ubike資料...
2024-07-05 01:09:53: 更新ubike資料完成
2024-07-05 01:09:59: 開始更新ubike資料...
2024-07-05 01:10:00: 更新ubike資料完成
2024-07-05 01:10:18: 開始更新ubike資料...
2024-07-05 01:10:18: 更新ubike資料完成
2024-07-05 01:10:21: 開始更新ubike資料...
2024-07-05 01:10:22: 更新ubike資料完成
2024-07-05 01:10:35: 開始更新ubike資料...
2024-07-05 01:10:36: 更新ubike資料完成
2024-07-05 01:10:44: 開始更新ubike資料...
2024-07-05 01:10:45: 更新ubike資料完成
2024-07-05 01:10:51: 開始更新ubike資料...
2024-07-05 01:10:53: 更新ubike資料完成
2024-07-05 01:10:59: 開始更新ubike資料...
2024-07-05 01:11:01: 更新ubike資料完成
2024-07-05 01:11:21: 開始更新ubike資料...
2024-07-05 01:11:22: 更新ubike資料完成
2024-07-05 01:10:27: 開始更新ubike資料...
2024-07-05 01:11:28: 更新ubike資料完成
2024-07-05 01:11:35: 開始更新ubike資料...
2024-07-05 01:11:35: 更新ubike資料完成
2024-07-05 01:11:44: 開始更新ubike資料...
2024-07-05 01:11:45: 更新ubike資料完成
2024-07-05 01:11:51: 開始更新ubike資料...
2024-07-05 01:11:52: 更新ubike資料完成
2024-07-05 01:11:59: 開始更新ubike資料...
2024-07-05 01:12:00: 更新ubike資料完成
2024-07-05 01:11:18: 開始更新ubike資料...
2024-07-05 01:12:19: 更新ubike資料完成
2024-07-05 01:12:21: 開始更新ubike資料...
2024-07-05 01:12:23: 更新ubike資料完成
2024-07-05 01:12:35: 開始更新ubike資料...
2024-07-05 01:12:36: 更新ubike資料完成
2024-07-05 01:12:44: 開始更新ubike資料...
2024-07-05 01:12:45: 更新ubike資料完成
2024-07-05 01:12:51: 開始更新ubike資料...
2024-07-05 01:12:52: 更新ubike資料完成
2024-07-05 01:12:59: 開始更新ubike資料...
2024-07-05 01:13:00: 更新ubike資料完成
2024-07-05 01:13:18: 開始更新ubike資料...
2024-07-05 01:13:18: 更新ubike資料完成
2024-07-05 01:13:21: 開始更新ubike資料...
2024-07-05 01:13:23: 更新ubike資料完成
2024-07-05 01:12:27: 開始更新ubike資料...
2024-07-05 01:13:29: 更新ubike資料完成
2024-07-05 01:13:35: 開始更新ubike資料...
2024-07-05 01:13:35: 更新ubike資料完成
2024-07-05 01:13:44: 開始更新ubike資料...
2024-07-05 01:13:44: 更新ubike資料完成
2024-07-05 01:14:18: 開始更新ubike資料...
2024-07-05 01:14:19: 更新ubike資料完成
2024-07-05 01:14:27: 開始更新ubike資料...
2024-07-05 01:14:28: 更新ubike資料完成
2024-07-05 01:14:35: 開始更新ubike資料...
2024-07-05 01:14:35: 更新ubike資料完成
2024-07-05 01:14:44: 開始更新ubike資料...
2024-07-05 01:14:44: 更新ubike資料完成
2024-07-05 01:13:51: 開始更新ubike資料...
2024-07-05 01:14:52: 更新ubike資料完成
2024-07-05 01:13:59: 開始更新ubike資料...
2024-07-05 01:15:00: 更新ubike資料完成
2024-07-05 01:15:18: 開始更新ubike資料...
2024-07-05 01:15:20: 更新ubike資料完成
2024-07-05 01:14:21: 開始更新ubike資料...
2024-07-05 01:15:22: 更新ubike資料完成
2024-07-05 01:15:27: 開始更新ubike資料...
2024-07-05 01:15:28: 更新ubike資料完成
2024-07-05 01:15:35: 開始更新ubike資料...
2024-07-05 01:15:37: 更新ubike資料完成
2024-07-05 01:15:44: 開始更新ubike資料...
2024-07-05 01:15:45: 更新ubike資料完成
2024-07-05 01:15:51: 開始更新ubike資料...
2024-07-05 01:15:52: 更新ubike資料完成
2024-07-05 01:16:18: 開始更新ubike資料...
2024-07-05 01:16:18: 更新ubike資料完成
2024-07-05 01:16:21: 開始更新ubike資料...
2024-07-05 01:16:22: 更新ubike資料完成
2024-07-05 01:16:35: 開始更新ubike資料...
2024-07-05 01:16:35: 更新ubike資料完成
